[0.176s] DEBUG:colcon:Command line arguments: ['/usr/bin/colcon', 'build', '--packages-select', 'next_motor_interface']
[0.176s] DEBUG:colcon:Parsed command line arguments: Namespace(log_base=None, log_level=None, verb_name='build', build_base='build', install_base='install', merge_install=False, symlink_install=False, test_result_base=None, continue_on_error=False, executor='parallel', parallel_workers=8, event_handlers=None, ignore_user_meta=False, metas=['./colcon.meta'], base_paths=['.'], packages_ignore=None, packages_ignore_regex=None, paths=None, packages_up_to=None, packages_up_to_regex=None, packages_above=None, packages_above_and_dependencies=None, packages_above_depth=None, packages_select_by_dep=None, packages_skip_by_dep=None, packages_skip_up_to=None, packages_select_build_failed=False, packages_skip_build_finished=False, packages_select_test_failures=False, packages_skip_test_passed=False, packages_select=['next_motor_interface'], packages_skip=None, packages_select_regex=None, packages_skip_regex=None, packages_start=None, packages_end=None, allow_overriding=[], cmake_args=None, cmake_target=None, cmake_target_skip_unavailable=False, cmake_clean_cache=False, cmake_clean_first=False, cmake_force_configure=False, ament_cmake_args=None, catkin_cmake_args=None, catkin_skip_building_tests=False, mixin_files=None, mixin=None, verb_parser=<colcon_mixin.mixin.mixin_argument.MixinArgumentDecorator object at 0x7abeb3a41660>, verb_extension=<colcon_core.verb.build.BuildVerb object at 0x7abeb3a40fd0>, main=<bound method BuildVerb.main of <colcon_core.verb.build.BuildVerb object at 0x7abeb3a40fd0>>, mixin_verb=('build',))
[0.491s] Level 1:colcon.colcon_core.package_discovery:discover_packages(colcon_meta) check parameters
[0.491s] Level 1:colcon.colcon_core.package_discovery:discover_packages(recursive) check parameters
[0.491s] Level 1:colcon.colcon_core.package_discovery:discover_packages(ignore) check parameters
[0.491s] Level 1:colcon.colcon_core.package_discovery:discover_packages(path) check parameters
[0.491s] Level 1:colcon.colcon_core.package_discovery:discover_packages(colcon_meta) discover
[0.491s] Level 1:colcon.colcon_core.package_discovery:discover_packages(recursive) discover
[0.492s] INFO:colcon.colcon_core.package_discovery:Crawling recursively for packages in '/home/next/next_HI'
[0.492s] Level 1:colcon.colcon_core.package_identification:_identify(.) by extensions ['ignore', 'ignore_ament_install']
[0.492s] Level 1:colcon.colcon_core.package_identification:_identify(.) by extension 'ignore'
[0.492s] Level 1:colcon.colcon_core.package_identification:_identify(.) by extension 'ignore_ament_install'
[0.492s] Level 1:colcon.colcon_core.package_identification:_identify(.) by extensions ['colcon_pkg']
[0.492s] Level 1:colcon.colcon_core.package_identification:_identify(.) by extension 'colcon_pkg'
[0.492s] Level 1:colcon.colcon_core.package_identification:_identify(.) by extensions ['colcon_meta']
[0.492s] Level 1:colcon.colcon_core.package_identification:_identify(.) by extension 'colcon_meta'
[0.492s] Level 1:colcon.colcon_core.package_identification:_identify(.) by extensions ['ros']
[0.492s] Level 1:colcon.colcon_core.package_identification:_identify(.) by extension 'ros'
[0.550s] Level 1:colcon.colcon_core.package_identification:_identify(.) by extensions ['cmake', 'python']
[0.550s] Level 1:colcon.colcon_core.package_identification:_identify(.) by extension 'cmake'
[0.550s] Level 1:colcon.colcon_core.package_identification:_identify(.) by extension 'python'
[0.550s] Level 1:colcon.colcon_core.package_identification:_identify(.) by extensions ['python_setup_py']
[0.550s] Level 1:colcon.colcon_core.package_identification:_identify(.) by extension 'python_setup_py'
[0.550s] Level 1:colcon.colcon_core.package_identification:_identify(build) by extensions ['ignore', 'ignore_ament_install']
[0.550s] Level 1:colcon.colcon_core.package_identification:_identify(build) by extension 'ignore'
[0.550s] Level 1:colcon.colcon_core.package_identification:_identify(build) ignored
[0.551s] Level 1:colcon.colcon_core.package_identification:_identify(install) by extensions ['ignore', 'ignore_ament_install']
[0.551s] Level 1:colcon.colcon_core.package_identification:_identify(install) by extension 'ignore'
[0.551s] Level 1:colcon.colcon_core.package_identification:_identify(install) ignored
[0.551s] Level 1:colcon.colcon_core.package_identification:_identify(log) by extensions ['ignore', 'ignore_ament_install']
[0.551s] Level 1:colcon.colcon_core.package_identification:_identify(log) by extension 'ignore'
[0.551s] Level 1:colcon.colcon_core.package_identification:_identify(log) ignored
[0.552s] Level 1:colcon.colcon_core.package_identification:_identify(src) by extensions ['ignore', 'ignore_ament_install']
[0.552s] Level 1:colcon.colcon_core.package_identification:_identify(src) by extension 'ignore'
[0.552s] Level 1:colcon.colcon_core.package_identification:_identify(src) by extension 'ignore_ament_install'
[0.552s] Level 1:colcon.colcon_core.package_identification:_identify(src) by extensions ['colcon_pkg']
[0.552s] Level 1:colcon.colcon_core.package_identification:_identify(src) by extension 'colcon_pkg'
[0.552s] Level 1:colcon.colcon_core.package_identification:_identify(src) by extensions ['colcon_meta']
[0.552s] Level 1:colcon.colcon_core.package_identification:_identify(src) by extension 'colcon_meta'
[0.552s] Level 1:colcon.colcon_core.package_identification:_identify(src) by extensions ['ros']
[0.552s] Level 1:colcon.colcon_core.package_identification:_identify(src) by extension 'ros'
[0.552s] Level 1:colcon.colcon_core.package_identification:_identify(src) by extensions ['cmake', 'python']
[0.552s] Level 1:colcon.colcon_core.package_identification:_identify(src) by extension 'cmake'
[0.552s] Level 1:colcon.colcon_core.package_identification:_identify(src) by extension 'python'
[0.553s] Level 1:colcon.colcon_core.package_identification:_identify(src) by extensions ['python_setup_py']
[0.553s] Level 1:colcon.colcon_core.package_identification:_identify(src) by extension 'python_setup_py'
[0.553s] Level 1:colcon.colcon_core.package_identification:_identify(src/next_motor_interface) by extensions ['ignore', 'ignore_ament_install']
[0.553s] Level 1:colcon.colcon_core.package_identification:_identify(src/next_motor_interface) by extension 'ignore'
[0.553s] Level 1:colcon.colcon_core.package_identification:_identify(src/next_motor_interface) by extension 'ignore_ament_install'
[0.553s] Level 1:colcon.colcon_core.package_identification:_identify(src/next_motor_interface) by extensions ['colcon_pkg']
[0.553s] Level 1:colcon.colcon_core.package_identification:_identify(src/next_motor_interface) by extension 'colcon_pkg'
[0.553s] Level 1:colcon.colcon_core.package_identification:_identify(src/next_motor_interface) by extensions ['colcon_meta']
[0.553s] Level 1:colcon.colcon_core.package_identification:_identify(src/next_motor_interface) by extension 'colcon_meta'
[0.553s] Level 1:colcon.colcon_core.package_identification:_identify(src/next_motor_interface) by extensions ['ros']
[0.553s] Level 1:colcon.colcon_core.package_identification:_identify(src/next_motor_interface) by extension 'ros'
[0.558s] DEBUG:colcon.colcon_core.package_identification:Package 'src/next_motor_interface' with type 'ros.ament_cmake' and name 'next_motor_interface'
[0.558s] Level 1:colcon.colcon_core.package_discovery:discover_packages(recursive) using defaults
[0.558s] Level 1:colcon.colcon_core.package_discovery:discover_packages(ignore) discover
[0.558s] Level 1:colcon.colcon_core.package_discovery:discover_packages(ignore) using defaults
[0.558s] Level 1:colcon.colcon_core.package_discovery:discover_packages(path) discover
[0.558s] Level 1:colcon.colcon_core.package_discovery:discover_packages(path) using defaults
[0.589s] Level 1:colcon.colcon_core.package_discovery:discover_packages(prefix_path) check parameters
[0.589s] Level 1:colcon.colcon_core.package_discovery:discover_packages(prefix_path) discover
[0.595s] DEBUG:colcon.colcon_installed_package_information.package_discovery:Found 17 installed packages in /home/next/next_ros2/install
[0.596s] DEBUG:colcon.colcon_installed_package_information.package_discovery:Found 7 installed packages in /home/next/next_UI/install
[0.598s] DEBUG:colcon.colcon_installed_package_information.package_discovery:Found 324 installed packages in /opt/ros/humble
[0.601s] Level 1:colcon.colcon_core.package_discovery:discover_packages(prefix_path) using defaults
[0.680s] Level 5:colcon.colcon_core.verb:set package 'next_motor_interface' build argument 'cmake_args' from command line to 'None'
[0.680s] Level 5:colcon.colcon_core.verb:set package 'next_motor_interface' build argument 'cmake_target' from command line to 'None'
[0.680s] Level 5:colcon.colcon_core.verb:set package 'next_motor_interface' build argument 'cmake_target_skip_unavailable' from command line to 'False'
[0.680s] Level 5:colcon.colcon_core.verb:set package 'next_motor_interface' build argument 'cmake_clean_cache' from command line to 'False'
[0.680s] Level 5:colcon.colcon_core.verb:set package 'next_motor_interface' build argument 'cmake_clean_first' from command line to 'False'
[0.680s] Level 5:colcon.colcon_core.verb:set package 'next_motor_interface' build argument 'cmake_force_configure' from command line to 'False'
[0.680s] Level 5:colcon.colcon_core.verb:set package 'next_motor_interface' build argument 'ament_cmake_args' from command line to 'None'
[0.681s] Level 5:colcon.colcon_core.verb:set package 'next_motor_interface' build argument 'catkin_cmake_args' from command line to 'None'
[0.681s] Level 5:colcon.colcon_core.verb:set package 'next_motor_interface' build argument 'catkin_skip_building_tests' from command line to 'False'
[0.681s] DEBUG:colcon.colcon_core.verb:Building package 'next_motor_interface' with the following arguments: {'ament_cmake_args': None, 'build_base': '/home/next/next_HI/build/next_motor_interface', 'catkin_cmake_args': None, 'catkin_skip_building_tests': False, 'cmake_args': None, 'cmake_clean_cache': False, 'cmake_clean_first': False, 'cmake_force_configure': False, 'cmake_target': None, 'cmake_target_skip_unavailable': False, 'install_base': '/home/next/next_HI/install/next_motor_interface', 'merge_install': False, 'path': '/home/next/next_HI/src/next_motor_interface', 'symlink_install': False, 'test_result_base': None}
[0.681s] INFO:colcon.colcon_core.executor:Executing jobs using 'parallel' executor
[0.682s] DEBUG:colcon.colcon_parallel_executor.executor.parallel:run_until_complete
[0.682s] INFO:colcon.colcon_ros.task.ament_cmake.build:Building ROS package in '/home/next/next_HI/src/next_motor_interface' with build type 'ament_cmake'
[0.682s] INFO:colcon.colcon_cmake.task.cmake.build:Building CMake package in '/home/next/next_HI/src/next_motor_interface'
[0.686s] INFO:colcon.colcon_core.plugin_system:Skipping extension 'colcon_core.shell.bat': Not used on non-Windows systems
[0.687s] INFO:colcon.colcon_core.shell:Skip shell extension 'powershell' for command environment: Not usable outside of PowerShell
[0.687s] DEBUG:colcon.colcon_core.shell:Skip shell extension 'dsv' for command environment
[0.699s] DEBUG:colcon.colcon_core.event_handler.log_command:Invoking command in '/home/next/next_HI/build/next_motor_interface': CMAKE_PREFIX_PATH=${CMAKE_PREFIX_PATH}:/home/next/next_ros2/install/next_ekf:/home/next/next_UI/install/next_ros2ws_web:/home/next/next_UI/install/next_ros2ws_tools:/home/next/next_UI/install/next_ros2ws_core:/home/next/next_UI/install/map_editor:/opt/ros/humble /usr/bin/cmake --build /home/next/next_HI/build/next_motor_interface -- -j8 -l8
[18.484s] DEBUG:colcon.colcon_core.event_handler.log_command:Invoked command in '/home/next/next_HI/build/next_motor_interface' returned '0': CMAKE_PREFIX_PATH=${CMAKE_PREFIX_PATH}:/home/next/next_ros2/install/next_ekf:/home/next/next_UI/install/next_ros2ws_web:/home/next/next_UI/install/next_ros2ws_tools:/home/next/next_UI/install/next_ros2ws_core:/home/next/next_UI/install/map_editor:/opt/ros/humble /usr/bin/cmake --build /home/next/next_HI/build/next_motor_interface -- -j8 -l8
[18.500s] DEBUG:colcon.colcon_core.event_handler.log_command:Invoking command in '/home/next/next_HI/build/next_motor_interface': CMAKE_PREFIX_PATH=${CMAKE_PREFIX_PATH}:/home/next/next_ros2/install/next_ekf:/home/next/next_UI/install/next_ros2ws_web:/home/next/next_UI/install/next_ros2ws_tools:/home/next/next_UI/install/next_ros2ws_core:/home/next/next_UI/install/map_editor:/opt/ros/humble /usr/bin/cmake --install /home/next/next_HI/build/next_motor_interface
[18.614s] Level 1:colcon.colcon_core.environment:create_environment_scripts_only(next_motor_interface)
[18.615s] DEBUG:colcon.colcon_core.event_handler.log_command:Invoked command in '/home/next/next_HI/build/next_motor_interface' returned '0': CMAKE_PREFIX_PATH=${CMAKE_PREFIX_PATH}:/home/next/next_ros2/install/next_ekf:/home/next/next_UI/install/next_ros2ws_web:/home/next/next_UI/install/next_ros2ws_tools:/home/next/next_UI/install/next_ros2ws_core:/home/next/next_UI/install/map_editor:/opt/ros/humble /usr/bin/cmake --install /home/next/next_HI/build/next_motor_interface
[18.618s] Level 1:colcon.colcon_core.environment:checking '/home/next/next_HI/install/next_motor_interface' for CMake module files
[18.618s] Level 1:colcon.colcon_core.environment:checking '/home/next/next_HI/install/next_motor_interface' for CMake config files
[18.619s] Level 1:colcon.colcon_core.shell:create_environment_hook('next_motor_interface', 'cmake_prefix_path')
[18.620s] INFO:colcon.colcon_core.shell:Creating environment hook '/home/next/next_HI/install/next_motor_interface/share/next_motor_interface/hook/cmake_prefix_path.ps1'
[18.620s] INFO:colcon.colcon_core.shell:Creating environment descriptor '/home/next/next_HI/install/next_motor_interface/share/next_motor_interface/hook/cmake_prefix_path.dsv'
[18.621s] INFO:colcon.colcon_core.shell:Creating environment hook '/home/next/next_HI/install/next_motor_interface/share/next_motor_interface/hook/cmake_prefix_path.sh'
[18.622s] Level 1:colcon.colcon_core.environment:checking '/home/next/next_HI/install/next_motor_interface/lib'
[18.622s] Level 1:colcon.colcon_core.shell:create_environment_hook('next_motor_interface', 'ld_library_path_lib')
[18.623s] INFO:colcon.colcon_core.shell:Creating environment hook '/home/next/next_HI/install/next_motor_interface/share/next_motor_interface/hook/ld_library_path_lib.ps1'
[18.623s] INFO:colcon.colcon_core.shell:Creating environment descriptor '/home/next/next_HI/install/next_motor_interface/share/next_motor_interface/hook/ld_library_path_lib.dsv'
[18.623s] INFO:colcon.colcon_core.shell:Creating environment hook '/home/next/next_HI/install/next_motor_interface/share/next_motor_interface/hook/ld_library_path_lib.sh'
[18.624s] Level 1:colcon.colcon_core.environment:checking '/home/next/next_HI/install/next_motor_interface/bin'
[18.624s] Level 1:colcon.colcon_core.environment:checking '/home/next/next_HI/install/next_motor_interface/lib/pkgconfig/next_motor_interface.pc'
[18.624s] Level 1:colcon.colcon_core.environment:checking '/home/next/next_HI/install/next_motor_interface/lib/python3.10/site-packages'
[18.625s] Level 1:colcon.colcon_core.environment:checking '/home/next/next_HI/install/next_motor_interface/bin'
[18.625s] INFO:colcon.colcon_core.shell:Creating package script '/home/next/next_HI/install/next_motor_interface/share/next_motor_interface/package.ps1'
[18.626s] INFO:colcon.colcon_core.shell:Creating package descriptor '/home/next/next_HI/install/next_motor_interface/share/next_motor_interface/package.dsv'
[18.627s] INFO:colcon.colcon_core.shell:Creating package script '/home/next/next_HI/install/next_motor_interface/share/next_motor_interface/package.sh'
[18.628s] INFO:colcon.colcon_core.shell:Creating package script '/home/next/next_HI/install/next_motor_interface/share/next_motor_interface/package.bash'
[18.630s] INFO:colcon.colcon_core.shell:Creating package script '/home/next/next_HI/install/next_motor_interface/share/next_motor_interface/package.zsh'
[18.631s] Level 1:colcon.colcon_core.environment:create_file_with_runtime_dependencies(/home/next/next_HI/install/next_motor_interface/share/colcon-core/packages/next_motor_interface)
[18.632s] Level 1:colcon.colcon_core.environment:create_environment_scripts_only(next_motor_interface)
[18.633s] Level 1:colcon.colcon_core.environment:checking '/home/next/next_HI/install/next_motor_interface' for CMake module files
[18.634s] Level 1:colcon.colcon_core.environment:checking '/home/next/next_HI/install/next_motor_interface' for CMake config files
[18.635s] Level 1:colcon.colcon_core.shell:create_environment_hook('next_motor_interface', 'cmake_prefix_path')
[18.635s] INFO:colcon.colcon_core.shell:Creating environment hook '/home/next/next_HI/install/next_motor_interface/share/next_motor_interface/hook/cmake_prefix_path.ps1'
[18.636s] INFO:colcon.colcon_core.shell:Creating environment descriptor '/home/next/next_HI/install/next_motor_interface/share/next_motor_interface/hook/cmake_prefix_path.dsv'
[18.636s] INFO:colcon.colcon_core.shell:Creating environment hook '/home/next/next_HI/install/next_motor_interface/share/next_motor_interface/hook/cmake_prefix_path.sh'
[18.637s] Level 1:colcon.colcon_core.environment:checking '/home/next/next_HI/install/next_motor_interface/lib'
[18.637s] Level 1:colcon.colcon_core.shell:create_environment_hook('next_motor_interface', 'ld_library_path_lib')
[18.638s] INFO:colcon.colcon_core.shell:Creating environment hook '/home/next/next_HI/install/next_motor_interface/share/next_motor_interface/hook/ld_library_path_lib.ps1'
[18.638s] INFO:colcon.colcon_core.shell:Creating environment descriptor '/home/next/next_HI/install/next_motor_interface/share/next_motor_interface/hook/ld_library_path_lib.dsv'
[18.638s] INFO:colcon.colcon_core.shell:Creating environment hook '/home/next/next_HI/install/next_motor_interface/share/next_motor_interface/hook/ld_library_path_lib.sh'
[18.639s] Level 1:colcon.colcon_core.environment:checking '/home/next/next_HI/install/next_motor_interface/bin'
[18.639s] Level 1:colcon.colcon_core.environment:checking '/home/next/next_HI/install/next_motor_interface/lib/pkgconfig/next_motor_interface.pc'
[18.639s] Level 1:colcon.colcon_core.environment:checking '/home/next/next_HI/install/next_motor_interface/lib/python3.10/site-packages'
[18.640s] Level 1:colcon.colcon_core.environment:checking '/home/next/next_HI/install/next_motor_interface/bin'
[18.641s] INFO:colcon.colcon_core.shell:Creating package script '/home/next/next_HI/install/next_motor_interface/share/next_motor_interface/package.ps1'
[18.642s] INFO:colcon.colcon_core.shell:Creating package descriptor '/home/next/next_HI/install/next_motor_interface/share/next_motor_interface/package.dsv'
[18.642s] INFO:colcon.colcon_core.shell:Creating package script '/home/next/next_HI/install/next_motor_interface/share/next_motor_interface/package.sh'
[18.643s] INFO:colcon.colcon_core.shell:Creating package script '/home/next/next_HI/install/next_motor_interface/share/next_motor_interface/package.bash'
[18.644s] INFO:colcon.colcon_core.shell:Creating package script '/home/next/next_HI/install/next_motor_interface/share/next_motor_interface/package.zsh'
[18.645s] Level 1:colcon.colcon_core.environment:create_file_with_runtime_dependencies(/home/next/next_HI/install/next_motor_interface/share/colcon-core/packages/next_motor_interface)
[18.645s] DEBUG:colcon.colcon_parallel_executor.executor.parallel:closing loop
[18.645s] DEBUG:colcon.colcon_parallel_executor.executor.parallel:loop closed
[18.646s] DEBUG:colcon.colcon_parallel_executor.executor.parallel:run_until_complete finished with '0'
[18.646s] DEBUG:colcon.colcon_core.event_reactor:joining thread
[18.651s] INFO:colcon.colcon_core.plugin_system:Skipping extension 'colcon_notification.desktop_notification.terminal_notifier': Not used on non-Darwin systems
[18.652s] INFO:colcon.colcon_core.plugin_system:Skipping extension 'colcon_notification.desktop_notification.win32': Not used on non-Windows systems
[18.652s] INFO:colcon.colcon_notification.desktop_notification:Sending desktop notification using 'notify2'
[18.671s] DEBUG:colcon.colcon_core.event_reactor:joined thread
[18.671s] INFO:colcon.colcon_core.shell:Creating prefix script '/home/next/next_HI/install/local_setup.ps1'
[18.673s] INFO:colcon.colcon_core.shell:Creating prefix util module '/home/next/next_HI/install/_local_setup_util_ps1.py'
[18.676s] INFO:colcon.colcon_core.shell:Creating prefix chain script '/home/next/next_HI/install/setup.ps1'
[18.680s] INFO:colcon.colcon_core.shell:Creating prefix script '/home/next/next_HI/install/local_setup.sh'
[18.681s] INFO:colcon.colcon_core.shell:Creating prefix util module '/home/next/next_HI/install/_local_setup_util_sh.py'
[18.682s] INFO:colcon.colcon_core.shell:Creating prefix chain script '/home/next/next_HI/install/setup.sh'
[18.685s] INFO:colcon.colcon_core.shell:Creating prefix script '/home/next/next_HI/install/local_setup.bash'
[18.686s] INFO:colcon.colcon_core.shell:Creating prefix chain script '/home/next/next_HI/install/setup.bash'
[18.690s] INFO:colcon.colcon_core.shell:Creating prefix script '/home/next/next_HI/install/local_setup.zsh'
[18.691s] INFO:colcon.colcon_core.shell:Creating prefix chain script '/home/next/next_HI/install/setup.zsh'
