-- The C compiler identification is GNU 11.4.0
-- The CXX compiler identification is GNU 11.4.0
-- Detecting C compiler ABI info
-- Detecting C compiler ABI info - done
-- Check for working C compiler: /usr/bin/cc - skipped
-- Detecting C compile features
-- Detecting C compile features - done
-- Detecting CXX compiler ABI info
-- Detecting CXX compiler ABI info - done
-- Check for working CXX compiler: /usr/bin/c++ - skipped
-- Detecting CXX compile features
-- Detecting CXX compile features - done
-- Found ament_cmake: 1.3.12 (/opt/ros/humble/share/ament_cmake/cmake)
-- Found Python3: /usr/bin/python3 (found version "3.10.12") found components: Interpreter 
-- Found rosidl_default_generators: 1.2.0 (/opt/ros/humble/share/rosidl_default_generators/cmake)
-- Using all available rosidl_typesupport_c: rosidl_typesupport_fastrtps_c;rosidl_typesupport_introspection_c
-- Found rosidl_adapter: 3.1.8 (/opt/ros/humble/share/rosidl_adapter/cmake)
-- Using all available rosidl_typesupport_cpp: rosidl_typesupport_fastrtps_cpp;rosidl_typesupport_introspection_cpp
-- Found std_msgs: 4.9.0 (/opt/ros/humble/share/std_msgs/cmake)
-- Found lely_core_libraries: 0.2.13 (/opt/ros/humble/share/lely_core_libraries/cmake)
-- Found hardware_interface: 2.53.0 (/opt/ros/humble/share/hardware_interface/cmake)
-- Found rmw_implementation_cmake: 6.1.2 (/opt/ros/humble/share/rmw_implementation_cmake/cmake)
-- Found rmw_fastrtps_cpp: 6.2.9 (/opt/ros/humble/share/rmw_fastrtps_cpp/cmake)
-- Found TinyXML2 via Config file: TinyXML2_DIR-NOTFOUND
-- Found OpenSSL: /usr/lib/x86_64-linux-gnu/libcrypto.so (found version "3.0.2")  
-- Found TinyXML2 via Config file: TinyXML2_DIR-NOTFOUND
-- Found FastRTPS: /opt/ros/humble/include  
-- Found TinyXML2 via Config file: TinyXML2_DIR-NOTFOUND
-- Found TinyXML2 via Config file: TinyXML2_DIR-NOTFOUND
-- Using RMW implementation 'rmw_fastrtps_cpp' as default
-- Looking for pthread.h
-- Looking for pthread.h - found
-- Performing Test CMAKE_HAVE_LIBC_PTHREAD
-- Performing Test CMAKE_HAVE_LIBC_PTHREAD - Success
-- Found Threads: TRUE  
-- Found ament_cmake_ros: 0.10.0 (/opt/ros/humble/share/ament_cmake_ros/cmake)
-- Using all available rosidl_typesupport_c: rosidl_typesupport_fastrtps_c;rosidl_typesupport_introspection_c
-- Using all available rosidl_typesupport_cpp: rosidl_typesupport_fastrtps_cpp;rosidl_typesupport_introspection_cpp
-- Found PythonInterp: /usr/bin/python3 (found suitable version "3.10.12", minimum required is "3.6") 
-- Found python_cmake_module: 0.10.0 (/opt/ros/humble/share/python_cmake_module/cmake)
-- Found PythonLibs: /usr/lib/x86_64-linux-gnu/libpython3.10.so (found suitable version "3.10.12", minimum required is "3.5") 
-- Using PYTHON_EXECUTABLE: /usr/bin/python3
-- Using PYTHON_INCLUDE_DIRS: /usr/include/python3.10
-- Using PYTHON_LIBRARIES: /usr/lib/x86_64-linux-gnu/libpython3.10.so
-- Found PythonExtra: .so  
-- Configuring done
-- Generating done
-- Build files have been written to: /home/next/next_HI/build/next_motor_interface
[  2%] [34m[1mGenerating C code for ROS interfaces[0m
[  5%] [34m[1mGenerating C++ code for ROS interfaces[0m
[  8%] [32mBuilding CXX object CMakeFiles/kinco_lift_node3_std.dir/src/kinco_lift_node3_std.cpp.o[0m
[  8%] Built target ament_cmake_python_copy_next_motor_interface
running egg_info
creating next_motor_interface.egg-info
writing next_motor_interface.egg-info/PKG-INFO
writing dependency_links to next_motor_interface.egg-info/dependency_links.txt
writing top-level names to next_motor_interface.egg-info/top_level.txt
writing manifest file 'next_motor_interface.egg-info/SOURCES.txt'
reading manifest file 'next_motor_interface.egg-info/SOURCES.txt'
writing manifest file 'next_motor_interface.egg-info/SOURCES.txt'
[  8%] Built target next_motor_interface__cpp
[ 11%] [34m[1mGenerating C++ type support dispatch for ROS interfaces[0m
[ 14%] [34m[1mGenerating C++ introspection for ROS interfaces[0m
[ 17%] [34m[1mGenerating C++ type support for eProsima Fast-RTPS[0m
[ 17%] Built target ament_cmake_python_build_next_motor_interface_egg
[ 20%] [32mBuilding C object CMakeFiles/next_motor_interface__rosidl_generator_c.dir/rosidl_generator_c/next_motor_interface/msg/detail/motor_feedback__functions.c.o[0m
[ 22%] [32m[1mLinking C shared library libnext_motor_interface__rosidl_generator_c.so[0m
[ 22%] Built target next_motor_interface__rosidl_generator_c
[ 25%] [34m[1mGenerating C type support for eProsima Fast-RTPS[0m
[ 28%] [34m[1mGenerating C type support dispatch for ROS interfaces[0m
[ 31%] [34m[1mGenerating C introspection for ROS interfaces[0m
[ 34%] [32mBuilding CXX object CMakeFiles/next_motor_interface__rosidl_typesupport_fastrtps_cpp.dir/rosidl_typesupport_fastrtps_cpp/next_motor_interface/msg/detail/dds_fastrtps/motor_feedback__type_support.cpp.o[0m
[ 37%] [32mBuilding CXX object CMakeFiles/next_motor_interface__rosidl_typesupport_cpp.dir/rosidl_typesupport_cpp/next_motor_interface/msg/motor_feedback__type_support.cpp.o[0m
[ 40%] [32mBuilding CXX object CMakeFiles/next_motor_interface__rosidl_typesupport_introspection_cpp.dir/rosidl_typesupport_introspection_cpp/next_motor_interface/msg/detail/motor_feedback__type_support.cpp.o[0m
[ 42%] [32mBuilding CXX object CMakeFiles/next_motor_interface__rosidl_typesupport_c.dir/rosidl_typesupport_c/next_motor_interface/msg/motor_feedback__type_support.cpp.o[0m
[ 45%] [32m[1mLinking CXX shared library libnext_motor_interface__rosidl_typesupport_c.so[0m
[ 45%] Built target next_motor_interface__rosidl_typesupport_c
[ 48%] [32mBuilding C object CMakeFiles/next_motor_interface__rosidl_typesupport_introspection_c.dir/rosidl_typesupport_introspection_c/next_motor_interface/msg/detail/motor_feedback__type_support.c.o[0m
[ 51%] [32mBuilding CXX object CMakeFiles/next_motor_interface__rosidl_typesupport_fastrtps_c.dir/rosidl_typesupport_fastrtps_c/next_motor_interface/msg/detail/motor_feedback__type_support_c.cpp.o[0m
[ 54%] [32m[1mLinking C shared library libnext_motor_interface__rosidl_typesupport_introspection_c.so[0m
[ 54%] Built target next_motor_interface__rosidl_typesupport_introspection_c
[ 57%] [32m[1mLinking CXX shared library libnext_motor_interface__rosidl_typesupport_cpp.so[0m
[ 57%] Built target next_motor_interface__rosidl_typesupport_cpp
[ 60%] [32m[1mLinking CXX shared library libnext_motor_interface__rosidl_typesupport_fastrtps_cpp.so[0m
[ 62%] [32m[1mLinking CXX shared library libnext_motor_interface__rosidl_typesupport_introspection_cpp.so[0m
[ 62%] Built target next_motor_interface__rosidl_typesupport_fastrtps_cpp
[ 62%] Built target next_motor_interface__rosidl_typesupport_introspection_cpp
[ 65%] [32m[1mLinking CXX shared library libnext_motor_interface__rosidl_typesupport_fastrtps_c.so[0m
[ 65%] Built target next_motor_interface__rosidl_typesupport_fastrtps_c
[ 65%] Built target next_motor_interface
[ 71%] [34m[1mGenerating Python code for ROS interfaces[0m
[ 71%] [32mBuilding CXX object CMakeFiles/kinco_hardware_interface.dir/src/kinco_hardware_interface.cpp.o[0m
[ 71%] Built target next_motor_interface__py
[ 74%] [32mBuilding C object CMakeFiles/next_motor_interface__rosidl_generator_py.dir/rosidl_generator_py/next_motor_interface/msg/_motor_feedback_s.c.o[0m
[ 77%] [32m[1mLinking C shared library rosidl_generator_py/next_motor_interface/libnext_motor_interface__rosidl_generator_py.so[0m
[ 77%] Built target next_motor_interface__rosidl_generator_py
[ 82%] [32mBuilding C object CMakeFiles/next_motor_interface__rosidl_typesupport_fastrtps_c__pyext.dir/rosidl_generator_py/next_motor_interface/_next_motor_interface_s.ep.rosidl_typesupport_fastrtps_c.c.o[0m
[ 82%] [32mBuilding C object CMakeFiles/next_motor_interface__rosidl_typesupport_introspection_c__pyext.dir/rosidl_generator_py/next_motor_interface/_next_motor_interface_s.ep.rosidl_typesupport_introspection_c.c.o[0m
[ 85%] [32mBuilding C object CMakeFiles/next_motor_interface__rosidl_typesupport_c__pyext.dir/rosidl_generator_py/next_motor_interface/_next_motor_interface_s.ep.rosidl_typesupport_c.c.o[0m
[ 88%] [32m[1mLinking C shared library rosidl_generator_py/next_motor_interface/next_motor_interface_s__rosidl_typesupport_c.cpython-310-x86_64-linux-gnu.so[0m
[ 91%] [32m[1mLinking C shared library rosidl_generator_py/next_motor_interface/next_motor_interface_s__rosidl_typesupport_introspection_c.cpython-310-x86_64-linux-gnu.so[0m
[ 94%] [32m[1mLinking C shared library rosidl_generator_py/next_motor_interface/next_motor_interface_s__rosidl_typesupport_fastrtps_c.cpython-310-x86_64-linux-gnu.so[0m
[ 94%] Built target next_motor_interface__rosidl_typesupport_c__pyext
[ 94%] Built target next_motor_interface__rosidl_typesupport_introspection_c__pyext
[ 94%] Built target next_motor_interface__rosidl_typesupport_fastrtps_c__pyext
[ 97%] [32m[1mLinking CXX shared library libkinco_hardware_interface.so[0m
[ 97%] Built target kinco_hardware_interface
[100%] [32m[1mLinking CXX executable kinco_lift_node3_std[0m
[100%] Built target kinco_lift_node3_std
-- Install configuration: ""
-- Installing: /home/next/next_HI/install/next_motor_interface/share/ament_index/resource_index/rosidl_interfaces/next_motor_interface
-- Installing: /home/next/next_HI/install/next_motor_interface/include/next_motor_interface/next_motor_interface
-- Installing: /home/next/next_HI/install/next_motor_interface/include/next_motor_interface/next_motor_interface/msg
-- Installing: /home/next/next_HI/install/next_motor_interface/include/next_motor_interface/next_motor_interface/msg/detail
-- Installing: /home/next/next_HI/install/next_motor_interface/include/next_motor_interface/next_motor_interface/msg/detail/motor_feedback__functions.h
-- Installing: /home/next/next_HI/install/next_motor_interface/include/next_motor_interface/next_motor_interface/msg/detail/motor_feedback__struct.h
-- Installing: /home/next/next_HI/install/next_motor_interface/include/next_motor_interface/next_motor_interface/msg/detail/motor_feedback__type_support.h
-- Installing: /home/next/next_HI/install/next_motor_interface/include/next_motor_interface/next_motor_interface/msg/detail/motor_feedback__functions.c
-- Installing: /home/next/next_HI/install/next_motor_interface/include/next_motor_interface/next_motor_interface/msg/motor_feedback.h
-- Installing: /home/next/next_HI/install/next_motor_interface/include/next_motor_interface/next_motor_interface/msg/rosidl_generator_c__visibility_control.h
-- Installing: /home/next/next_HI/install/next_motor_interface/share/next_motor_interface/environment/library_path.sh
-- Installing: /home/next/next_HI/install/next_motor_interface/share/next_motor_interface/environment/library_path.dsv
-- Installing: /home/next/next_HI/install/next_motor_interface/lib/libnext_motor_interface__rosidl_generator_c.so
-- Set runtime path of "/home/next/next_HI/install/next_motor_interface/lib/libnext_motor_interface__rosidl_generator_c.so" to ""
-- Up-to-date: /home/next/next_HI/install/next_motor_interface/include/next_motor_interface/next_motor_interface
-- Up-to-date: /home/next/next_HI/install/next_motor_interface/include/next_motor_interface/next_motor_interface/msg
-- Up-to-date: /home/next/next_HI/install/next_motor_interface/include/next_motor_interface/next_motor_interface/msg/detail
-- Installing: /home/next/next_HI/install/next_motor_interface/include/next_motor_interface/next_motor_interface/msg/detail/motor_feedback__rosidl_typesupport_fastrtps_c.h
-- Installing: /home/next/next_HI/install/next_motor_interface/include/next_motor_interface/next_motor_interface/msg/rosidl_typesupport_fastrtps_c__visibility_control.h
-- Installing: /home/next/next_HI/install/next_motor_interface/lib/libnext_motor_interface__rosidl_typesupport_fastrtps_c.so
-- Set runtime path of "/home/next/next_HI/install/next_motor_interface/lib/libnext_motor_interface__rosidl_typesupport_fastrtps_c.so" to ""
-- Up-to-date: /home/next/next_HI/install/next_motor_interface/include/next_motor_interface/next_motor_interface
-- Up-to-date: /home/next/next_HI/install/next_motor_interface/include/next_motor_interface/next_motor_interface/msg
-- Installing: /home/next/next_HI/install/next_motor_interface/include/next_motor_interface/next_motor_interface/msg/rosidl_typesupport_introspection_c__visibility_control.h
-- Up-to-date: /home/next/next_HI/install/next_motor_interface/include/next_motor_interface/next_motor_interface/msg/detail
-- Installing: /home/next/next_HI/install/next_motor_interface/include/next_motor_interface/next_motor_interface/msg/detail/motor_feedback__type_support.c
-- Installing: /home/next/next_HI/install/next_motor_interface/include/next_motor_interface/next_motor_interface/msg/detail/motor_feedback__rosidl_typesupport_introspection_c.h
-- Installing: /home/next/next_HI/install/next_motor_interface/lib/libnext_motor_interface__rosidl_typesupport_introspection_c.so
-- Set runtime path of "/home/next/next_HI/install/next_motor_interface/lib/libnext_motor_interface__rosidl_typesupport_introspection_c.so" to ""
-- Installing: /home/next/next_HI/install/next_motor_interface/lib/libnext_motor_interface__rosidl_typesupport_c.so
-- Set runtime path of "/home/next/next_HI/install/next_motor_interface/lib/libnext_motor_interface__rosidl_typesupport_c.so" to ""
-- Up-to-date: /home/next/next_HI/install/next_motor_interface/include/next_motor_interface/next_motor_interface
-- Up-to-date: /home/next/next_HI/install/next_motor_interface/include/next_motor_interface/next_motor_interface/msg
-- Up-to-date: /home/next/next_HI/install/next_motor_interface/include/next_motor_interface/next_motor_interface/msg/detail
-- Installing: /home/next/next_HI/install/next_motor_interface/include/next_motor_interface/next_motor_interface/msg/detail/motor_feedback__type_support.hpp
-- Installing: /home/next/next_HI/install/next_motor_interface/include/next_motor_interface/next_motor_interface/msg/detail/motor_feedback__traits.hpp
-- Installing: /home/next/next_HI/install/next_motor_interface/include/next_motor_interface/next_motor_interface/msg/detail/motor_feedback__builder.hpp
-- Installing: /home/next/next_HI/install/next_motor_interface/include/next_motor_interface/next_motor_interface/msg/detail/motor_feedback__struct.hpp
-- Installing: /home/next/next_HI/install/next_motor_interface/include/next_motor_interface/next_motor_interface/msg/motor_feedback.hpp
-- Installing: /home/next/next_HI/install/next_motor_interface/include/next_motor_interface/next_motor_interface/msg/rosidl_generator_cpp__visibility_control.hpp
-- Up-to-date: /home/next/next_HI/install/next_motor_interface/include/next_motor_interface/next_motor_interface
-- Up-to-date: /home/next/next_HI/install/next_motor_interface/include/next_motor_interface/next_motor_interface/msg
-- Up-to-date: /home/next/next_HI/install/next_motor_interface/include/next_motor_interface/next_motor_interface/msg/detail
-- Installing: /home/next/next_HI/install/next_motor_interface/include/next_motor_interface/next_motor_interface/msg/detail/motor_feedback__rosidl_typesupport_fastrtps_cpp.hpp
-- Installing: /home/next/next_HI/install/next_motor_interface/include/next_motor_interface/next_motor_interface/msg/detail/dds_fastrtps
-- Installing: /home/next/next_HI/install/next_motor_interface/include/next_motor_interface/next_motor_interface/msg/rosidl_typesupport_fastrtps_cpp__visibility_control.h
-- Installing: /home/next/next_HI/install/next_motor_interface/lib/libnext_motor_interface__rosidl_typesupport_fastrtps_cpp.so
-- Set runtime path of "/home/next/next_HI/install/next_motor_interface/lib/libnext_motor_interface__rosidl_typesupport_fastrtps_cpp.so" to ""
-- Up-to-date: /home/next/next_HI/install/next_motor_interface/include/next_motor_interface/next_motor_interface
-- Up-to-date: /home/next/next_HI/install/next_motor_interface/include/next_motor_interface/next_motor_interface/msg
-- Up-to-date: /home/next/next_HI/install/next_motor_interface/include/next_motor_interface/next_motor_interface/msg/detail
-- Installing: /home/next/next_HI/install/next_motor_interface/include/next_motor_interface/next_motor_interface/msg/detail/motor_feedback__type_support.cpp
-- Installing: /home/next/next_HI/install/next_motor_interface/include/next_motor_interface/next_motor_interface/msg/detail/motor_feedback__rosidl_typesupport_introspection_cpp.hpp
-- Installing: /home/next/next_HI/install/next_motor_interface/lib/libnext_motor_interface__rosidl_typesupport_introspection_cpp.so
-- Set runtime path of "/home/next/next_HI/install/next_motor_interface/lib/libnext_motor_interface__rosidl_typesupport_introspection_cpp.so" to ""
-- Installing: /home/next/next_HI/install/next_motor_interface/lib/libnext_motor_interface__rosidl_typesupport_cpp.so
-- Set runtime path of "/home/next/next_HI/install/next_motor_interface/lib/libnext_motor_interface__rosidl_typesupport_cpp.so" to ""
-- Installing: /home/next/next_HI/install/next_motor_interface/share/next_motor_interface/environment/pythonpath.sh
-- Installing: /home/next/next_HI/install/next_motor_interface/share/next_motor_interface/environment/pythonpath.dsv
-- Installing: /home/next/next_HI/install/next_motor_interface/local/lib/python3.10/dist-packages/next_motor_interface-0.0.0-py3.10.egg-info
-- Installing: /home/next/next_HI/install/next_motor_interface/local/lib/python3.10/dist-packages/next_motor_interface-0.0.0-py3.10.egg-info/top_level.txt
-- Installing: /home/next/next_HI/install/next_motor_interface/local/lib/python3.10/dist-packages/next_motor_interface-0.0.0-py3.10.egg-info/SOURCES.txt
-- Installing: /home/next/next_HI/install/next_motor_interface/local/lib/python3.10/dist-packages/next_motor_interface-0.0.0-py3.10.egg-info/dependency_links.txt
-- Installing: /home/next/next_HI/install/next_motor_interface/local/lib/python3.10/dist-packages/next_motor_interface-0.0.0-py3.10.egg-info/PKG-INFO
-- Installing: /home/next/next_HI/install/next_motor_interface/local/lib/python3.10/dist-packages/next_motor_interface
-- Installing: /home/next/next_HI/install/next_motor_interface/local/lib/python3.10/dist-packages/next_motor_interface/next_motor_interface_s__rosidl_typesupport_introspection_c.cpython-310-x86_64-linux-gnu.so
-- Installing: /home/next/next_HI/install/next_motor_interface/local/lib/python3.10/dist-packages/next_motor_interface/_next_motor_interface_s.ep.rosidl_typesupport_c.c
-- Installing: /home/next/next_HI/install/next_motor_interface/local/lib/python3.10/dist-packages/next_motor_interface/next_motor_interface_s__rosidl_typesupport_c.cpython-310-x86_64-linux-gnu.so
-- Installing: /home/next/next_HI/install/next_motor_interface/local/lib/python3.10/dist-packages/next_motor_interface/next_motor_interface_s__rosidl_typesupport_fastrtps_c.cpython-310-x86_64-linux-gnu.so
-- Installing: /home/next/next_HI/install/next_motor_interface/local/lib/python3.10/dist-packages/next_motor_interface/_next_motor_interface_s.ep.rosidl_typesupport_introspection_c.c
-- Installing: /home/next/next_HI/install/next_motor_interface/local/lib/python3.10/dist-packages/next_motor_interface/_next_motor_interface_s.ep.rosidl_typesupport_fastrtps_c.c
-- Installing: /home/next/next_HI/install/next_motor_interface/local/lib/python3.10/dist-packages/next_motor_interface/__init__.py
-- Installing: /home/next/next_HI/install/next_motor_interface/local/lib/python3.10/dist-packages/next_motor_interface/msg
-- Installing: /home/next/next_HI/install/next_motor_interface/local/lib/python3.10/dist-packages/next_motor_interface/msg/__init__.py
-- Installing: /home/next/next_HI/install/next_motor_interface/local/lib/python3.10/dist-packages/next_motor_interface/msg/_motor_feedback.py
-- Installing: /home/next/next_HI/install/next_motor_interface/local/lib/python3.10/dist-packages/next_motor_interface/msg/_motor_feedback_s.c
-- Installing: /home/next/next_HI/install/next_motor_interface/local/lib/python3.10/dist-packages/next_motor_interface/libnext_motor_interface__rosidl_generator_py.so
Listing '/home/next/next_HI/install/next_motor_interface/local/lib/python3.10/dist-packages/next_motor_interface'...
Compiling '/home/next/next_HI/install/next_motor_interface/local/lib/python3.10/dist-packages/next_motor_interface/__init__.py'...
Listing '/home/next/next_HI/install/next_motor_interface/local/lib/python3.10/dist-packages/next_motor_interface/msg'...
Compiling '/home/next/next_HI/install/next_motor_interface/local/lib/python3.10/dist-packages/next_motor_interface/msg/__init__.py'...
Compiling '/home/next/next_HI/install/next_motor_interface/local/lib/python3.10/dist-packages/next_motor_interface/msg/_motor_feedback.py'...
-- Installing: /home/next/next_HI/install/next_motor_interface/local/lib/python3.10/dist-packages/next_motor_interface/next_motor_interface_s__rosidl_typesupport_fastrtps_c.cpython-310-x86_64-linux-gnu.so
-- Set runtime path of "/home/next/next_HI/install/next_motor_interface/local/lib/python3.10/dist-packages/next_motor_interface/next_motor_interface_s__rosidl_typesupport_fastrtps_c.cpython-310-x86_64-linux-gnu.so" to ""
-- Installing: /home/next/next_HI/install/next_motor_interface/local/lib/python3.10/dist-packages/next_motor_interface/next_motor_interface_s__rosidl_typesupport_introspection_c.cpython-310-x86_64-linux-gnu.so
-- Set runtime path of "/home/next/next_HI/install/next_motor_interface/local/lib/python3.10/dist-packages/next_motor_interface/next_motor_interface_s__rosidl_typesupport_introspection_c.cpython-310-x86_64-linux-gnu.so" to ""
-- Installing: /home/next/next_HI/install/next_motor_interface/local/lib/python3.10/dist-packages/next_motor_interface/next_motor_interface_s__rosidl_typesupport_c.cpython-310-x86_64-linux-gnu.so
-- Set runtime path of "/home/next/next_HI/install/next_motor_interface/local/lib/python3.10/dist-packages/next_motor_interface/next_motor_interface_s__rosidl_typesupport_c.cpython-310-x86_64-linux-gnu.so" to ""
-- Installing: /home/next/next_HI/install/next_motor_interface/lib/libnext_motor_interface__rosidl_generator_py.so
-- Set runtime path of "/home/next/next_HI/install/next_motor_interface/lib/libnext_motor_interface__rosidl_generator_py.so" to ""
-- Installing: /home/next/next_HI/install/next_motor_interface/share/next_motor_interface/msg/MotorFeedback.idl
-- Installing: /home/next/next_HI/install/next_motor_interface/share/next_motor_interface/msg/MotorFeedback.msg
-- Installing: /home/next/next_HI/install/next_motor_interface/share/next_motor_interface/kinco_hardware_interface.xml
-- Installing: /home/next/next_HI/install/next_motor_interface/lib/libkinco_hardware_interface.so
-- Set runtime path of "/home/next/next_HI/install/next_motor_interface/lib/libkinco_hardware_interface.so" to ""
-- Installing: /home/next/next_HI/install/next_motor_interface/share/next_motor_interface/launch
-- Installing: /home/next/next_HI/install/next_motor_interface/share/next_motor_interface/launch/slam.launch.py
-- Installing: /home/next/next_HI/install/next_motor_interface/share/next_motor_interface/launch/nav2.launch.py
-- Installing: /home/next/next_HI/install/next_motor_interface/share/next_motor_interface/launch/lift_node3.launch.py
-- Installing: /home/next/next_HI/install/next_motor_interface/share/next_motor_interface/launch/localization.launch.py
-- Installing: /home/next/next_HI/install/next_motor_interface/share/next_motor_interface/launch/robot_control.launch.py
-- Installing: /home/next/next_HI/install/next_motor_interface/share/next_motor_interface/config
-- Installing: /home/next/next_HI/install/next_motor_interface/share/next_motor_interface/config/lift_node3.yaml
-- Installing: /home/next/next_HI/install/next_motor_interface/share/next_motor_interface/config/bus_can0
-- Installing: /home/next/next_HI/install/next_motor_interface/share/next_motor_interface/config/bus_can0/bus.yml
-- Installing: /home/next/next_HI/install/next_motor_interface/share/next_motor_interface/config/bus_can0/right_can0.eds
-- Installing: /home/next/next_HI/install/next_motor_interface/share/next_motor_interface/config/bus_can0/ros2_controllers.yaml
-- Installing: /home/next/next_HI/install/next_motor_interface/share/next_motor_interface/config/bus_can0/left_can0.eds
-- Installing: /home/next/next_HI/install/next_motor_interface/share/next_motor_interface/config/nav2_params.yaml
-- Installing: /home/next/next_HI/install/next_motor_interface/share/next_motor_interface/config/slam.rviz
-- Installing: /home/next/next_HI/install/next_motor_interface/share/next_motor_interface/config/mapper_params_online_async.yaml
-- Installing: /home/next/next_HI/install/next_motor_interface/share/next_motor_interface/urdf
-- Installing: /home/next/next_HI/install/next_motor_interface/share/next_motor_interface/urdf/robot.urdf.xacro
-- Installing: /home/next/next_HI/install/next_motor_interface/share/next_motor_interface/urdf/ros2_control_kinco.xacro
-- Installing: /home/next/next_HI/install/next_motor_interface/share/next_motor_interface/urdf/imu2.xacro
-- Installing: /home/next/next_HI/install/next_motor_interface/share/next_motor_interface/urdf/robot_core copy 2.xacro
-- Installing: /home/next/next_HI/install/next_motor_interface/share/next_motor_interface/urdf/ros2_control_mock.xacro
-- Installing: /home/next/next_HI/install/next_motor_interface/share/next_motor_interface/urdf/gazebo_control.xacro
-- Installing: /home/next/next_HI/install/next_motor_interface/share/next_motor_interface/urdf/imu.xacro
-- Installing: /home/next/next_HI/install/next_motor_interface/share/next_motor_interface/urdf/lidar.xacro
-- Installing: /home/next/next_HI/install/next_motor_interface/share/next_motor_interface/urdf/robot_core copy.xacro
-- Installing: /home/next/next_HI/install/next_motor_interface/share/next_motor_interface/urdf/face.xacro
-- Installing: /home/next/next_HI/install/next_motor_interface/share/next_motor_interface/urdf/inertial_macros.xacro
-- Installing: /home/next/next_HI/install/next_motor_interface/share/next_motor_interface/urdf/ros2_control.xacro
-- Installing: /home/next/next_HI/install/next_motor_interface/share/next_motor_interface/urdf/lidar copy.xacro
-- Installing: /home/next/next_HI/install/next_motor_interface/share/next_motor_interface/urdf/robot_core.xacro
-- Installing: /home/next/next_HI/install/next_motor_interface/share/next_motor_interface/maps
-- Installing: /home/next/next_HI/install/next_motor_interface/share/next_motor_interface/maps/README.md
-- Installing: /home/next/next_HI/install/next_motor_interface/share/next_motor_interface/rviz
-- Installing: /home/next/next_HI/install/next_motor_interface/share/next_motor_interface/rviz/nav2.rviz
