[0.015s] Invoking command in '/home/next/next_HI/build/next_motor_interface': CMAKE_PREFIX_PATH=${CMAKE_PREFIX_PATH}:/home/next/next_ros2/install/next_ekf:/home/next/next_UI/install/next_ros2ws_web:/home/next/next_UI/install/next_ros2ws_tools:/home/next/next_UI/install/next_ros2ws_core:/home/next/next_UI/install/map_editor:/opt/ros/humble /usr/bin/cmake /home/next/next_HI/src/next_motor_interface -DCMAKE_INSTALL_PREFIX=/home/next/next_HI/install/next_motor_interface
[0.080s] -- The C compiler identification is GNU 11.4.0
[0.150s] -- The CXX compiler identification is GNU 11.4.0
[0.160s] -- Detecting C compiler ABI info
[0.238s] -- Detecting C compiler ABI info - done
[0.250s] -- Check for working C compiler: /usr/bin/cc - skipped
[0.250s] -- Detecting C compile features
[0.251s] -- Detecting C compile features - done
[0.255s] -- Detecting CXX compiler ABI info
[0.349s] -- Detecting CXX compiler ABI info - done
[0.362s] -- Check for working CXX compiler: /usr/bin/c++ - skipped
[0.362s] -- Detecting CXX compile features
[0.363s] -- Detecting CXX compile features - done
[0.368s] -- Found ament_cmake: 1.3.12 (/opt/ros/humble/share/ament_cmake/cmake)
[0.587s] -- Found Python3: /usr/bin/python3 (found version "3.10.12") found components: Interpreter 
[0.742s] -- Found rosidl_default_generators: 1.2.0 (/opt/ros/humble/share/rosidl_default_generators/cmake)
[0.751s] -- Using all available rosidl_typesupport_c: rosidl_typesupport_fastrtps_c;rosidl_typesupport_introspection_c
[0.765s] -- Found rosidl_adapter: 3.1.8 (/opt/ros/humble/share/rosidl_adapter/cmake)
[0.836s] -- Using all available rosidl_typesupport_cpp: rosidl_typesupport_fastrtps_cpp;rosidl_typesupport_introspection_cpp
[0.892s] -- Found std_msgs: 4.9.0 (/opt/ros/humble/share/std_msgs/cmake)
[0.940s] -- Found lely_core_libraries: 0.2.13 (/opt/ros/humble/share/lely_core_libraries/cmake)
[0.950s] -- Found hardware_interface: 2.53.0 (/opt/ros/humble/share/hardware_interface/cmake)
[1.253s] -- Found rmw_implementation_cmake: 6.1.2 (/opt/ros/humble/share/rmw_implementation_cmake/cmake)
[1.260s] -- Found rmw_fastrtps_cpp: 6.2.9 (/opt/ros/humble/share/rmw_fastrtps_cpp/cmake)
[1.303s] -- Found TinyXML2 via Config file: TinyXML2_DIR-NOTFOUND
[1.366s] -- Found OpenSSL: /usr/lib/x86_64-linux-gnu/libcrypto.so (found version "3.0.2")  
[1.370s] -- Found TinyXML2 via Config file: TinyXML2_DIR-NOTFOUND
[1.389s] -- Found FastRTPS: /opt/ros/humble/include  
[1.393s] -- Found TinyXML2 via Config file: TinyXML2_DIR-NOTFOUND
[1.404s] -- Found TinyXML2 via Config file: TinyXML2_DIR-NOTFOUND
[1.418s] -- Using RMW implementation 'rmw_fastrtps_cpp' as default
[1.434s] -- Looking for pthread.h
[1.517s] -- Looking for pthread.h - found
[1.517s] -- Performing Test CMAKE_HAVE_LIBC_PTHREAD
[1.599s] -- Performing Test CMAKE_HAVE_LIBC_PTHREAD - Success
[1.601s] -- Found Threads: TRUE  
[2.100s] -- Found ament_cmake_ros: 0.10.0 (/opt/ros/humble/share/ament_cmake_ros/cmake)
[2.413s] -- Using all available rosidl_typesupport_c: rosidl_typesupport_fastrtps_c;rosidl_typesupport_introspection_c
[2.805s] -- Using all available rosidl_typesupport_cpp: rosidl_typesupport_fastrtps_cpp;rosidl_typesupport_introspection_cpp
[2.839s] -- Found PythonInterp: /usr/bin/python3 (found suitable version "3.10.12", minimum required is "3.6") 
[2.842s] -- Found python_cmake_module: 0.10.0 (/opt/ros/humble/share/python_cmake_module/cmake)
[2.879s] -- Found PythonLibs: /usr/lib/x86_64-linux-gnu/libpython3.10.so (found suitable version "3.10.12", minimum required is "3.5") 
[2.879s] -- Using PYTHON_EXECUTABLE: /usr/bin/python3
[2.880s] -- Using PYTHON_INCLUDE_DIRS: /usr/include/python3.10
[2.880s] -- Using PYTHON_LIBRARIES: /usr/lib/x86_64-linux-gnu/libpython3.10.so
[2.911s] -- Found PythonExtra: .so  
[2.997s] [0mCMake Deprecation Warning at /opt/ros/humble/share/rosidl_cmake/cmake/rosidl_target_interfaces.cmake:32 (message):
[2.997s]   Use rosidl_get_typesupport_target() and target_link_libraries() instead of
[2.997s]   rosidl_target_interfaces()
[2.997s] Call Stack (most recent call first):
[2.997s]   CMakeLists.txt:40 (rosidl_target_interfaces)
[2.998s] 
[2.998s] [0m
[3.008s] -- Configuring done
[3.062s] -- Generating done
[3.082s] -- Build files have been written to: /home/next/next_HI/build/next_motor_interface
[3.098s] Invoked command in '/home/next/next_HI/build/next_motor_interface' returned '0': CMAKE_PREFIX_PATH=${CMAKE_PREFIX_PATH}:/home/next/next_ros2/install/next_ekf:/home/next/next_UI/install/next_ros2ws_web:/home/next/next_UI/install/next_ros2ws_tools:/home/next/next_UI/install/next_ros2ws_core:/home/next/next_UI/install/map_editor:/opt/ros/humble /usr/bin/cmake /home/next/next_HI/src/next_motor_interface -DCMAKE_INSTALL_PREFIX=/home/next/next_HI/install/next_motor_interface
[3.100s] Invoking command in '/home/next/next_HI/build/next_motor_interface': CMAKE_PREFIX_PATH=${CMAKE_PREFIX_PATH}:/home/next/next_ros2/install/next_ekf:/home/next/next_UI/install/next_ros2ws_web:/home/next/next_UI/install/next_ros2ws_tools:/home/next/next_UI/install/next_ros2ws_core:/home/next/next_UI/install/map_editor:/opt/ros/humble /usr/bin/cmake --build /home/next/next_HI/build/next_motor_interface -- -j8 -l8
[3.154s] [  2%] [34m[1mGenerating C code for ROS interfaces[0m
[3.167s] [  5%] [34m[1mGenerating C++ code for ROS interfaces[0m
[3.168s] [  8%] [32mBuilding CXX object CMakeFiles/kinco_lift_node3_std.dir/src/kinco_lift_node3_std.cpp.o[0m
[3.178s] [  8%] Built target ament_cmake_python_copy_next_motor_interface
[3.653s] running egg_info
[3.654s] creating next_motor_interface.egg-info
[3.655s] writing next_motor_interface.egg-info/PKG-INFO
[3.656s] writing dependency_links to next_motor_interface.egg-info/dependency_links.txt
[3.656s] writing top-level names to next_motor_interface.egg-info/top_level.txt
[3.657s] writing manifest file 'next_motor_interface.egg-info/SOURCES.txt'
[3.662s] reading manifest file 'next_motor_interface.egg-info/SOURCES.txt'
[3.663s] writing manifest file 'next_motor_interface.egg-info/SOURCES.txt'
[3.676s] [  8%] Built target next_motor_interface__cpp
[3.695s] [ 11%] [34m[1mGenerating C++ type support dispatch for ROS interfaces[0m
[3.700s] [ 14%] [34m[1mGenerating C++ introspection for ROS interfaces[0m
[3.704s] [ 17%] [34m[1mGenerating C++ type support for eProsima Fast-RTPS[0m
[3.714s] [ 17%] Built target ament_cmake_python_build_next_motor_interface_egg
[3.774s] [ 20%] [32mBuilding C object CMakeFiles/next_motor_interface__rosidl_generator_c.dir/rosidl_generator_c/next_motor_interface/msg/detail/motor_feedback__functions.c.o[0m
[3.868s] [ 22%] [32m[1mLinking C shared library libnext_motor_interface__rosidl_generator_c.so[0m
[3.940s] [ 22%] Built target next_motor_interface__rosidl_generator_c
[3.960s] [ 25%] [34m[1mGenerating C type support for eProsima Fast-RTPS[0m
[3.963s] [ 28%] [34m[1mGenerating C type support dispatch for ROS interfaces[0m
[3.972s] [ 31%] [34m[1mGenerating C introspection for ROS interfaces[0m
[4.377s] [ 34%] [32mBuilding CXX object CMakeFiles/next_motor_interface__rosidl_typesupport_fastrtps_cpp.dir/rosidl_typesupport_fastrtps_cpp/next_motor_interface/msg/detail/dds_fastrtps/motor_feedback__type_support.cpp.o[0m
[4.420s] [ 37%] [32mBuilding CXX object CMakeFiles/next_motor_interface__rosidl_typesupport_cpp.dir/rosidl_typesupport_cpp/next_motor_interface/msg/motor_feedback__type_support.cpp.o[0m
[4.524s] [ 40%] [32mBuilding CXX object CMakeFiles/next_motor_interface__rosidl_typesupport_introspection_cpp.dir/rosidl_typesupport_introspection_cpp/next_motor_interface/msg/detail/motor_feedback__type_support.cpp.o[0m
[4.597s] [ 42%] [32mBuilding CXX object CMakeFiles/next_motor_interface__rosidl_typesupport_c.dir/rosidl_typesupport_c/next_motor_interface/msg/motor_feedback__type_support.cpp.o[0m
[4.664s] [ 45%] [32m[1mLinking CXX shared library libnext_motor_interface__rosidl_typesupport_c.so[0m
[4.766s] [ 45%] Built target next_motor_interface__rosidl_typesupport_c
[4.799s] [ 48%] [32mBuilding C object CMakeFiles/next_motor_interface__rosidl_typesupport_introspection_c.dir/rosidl_typesupport_introspection_c/next_motor_interface/msg/detail/motor_feedback__type_support.c.o[0m
[4.804s] [ 51%] [32mBuilding CXX object CMakeFiles/next_motor_interface__rosidl_typesupport_fastrtps_c.dir/rosidl_typesupport_fastrtps_c/next_motor_interface/msg/detail/motor_feedback__type_support_c.cpp.o[0m
[4.873s] [ 54%] [32m[1mLinking C shared library libnext_motor_interface__rosidl_typesupport_introspection_c.so[0m
[4.938s] [ 54%] Built target next_motor_interface__rosidl_typesupport_introspection_c
[5.017s] [ 57%] [32m[1mLinking CXX shared library libnext_motor_interface__rosidl_typesupport_cpp.so[0m
[5.096s] [ 57%] Built target next_motor_interface__rosidl_typesupport_cpp
[5.207s] [ 60%] [32m[1mLinking CXX shared library libnext_motor_interface__rosidl_typesupport_fastrtps_cpp.so[0m
[5.272s] [ 62%] [32m[1mLinking CXX shared library libnext_motor_interface__rosidl_typesupport_introspection_cpp.so[0m
[5.342s] [ 62%] Built target next_motor_interface__rosidl_typesupport_fastrtps_cpp
[5.373s] [ 62%] Built target next_motor_interface__rosidl_typesupport_introspection_cpp
[5.481s] [ 65%] [32m[1mLinking CXX shared library libnext_motor_interface__rosidl_typesupport_fastrtps_c.so[0m
[5.590s] [ 65%] Built target next_motor_interface__rosidl_typesupport_fastrtps_c
[5.615s] [ 65%] Built target next_motor_interface
[5.638s] [ 71%] [34m[1mGenerating Python code for ROS interfaces[0m
[5.638s] [ 71%] [32mBuilding CXX object CMakeFiles/kinco_hardware_interface.dir/src/kinco_hardware_interface.cpp.o[0m
[6.256s] [ 71%] Built target next_motor_interface__py
[6.282s] [ 74%] [32mBuilding C object CMakeFiles/next_motor_interface__rosidl_generator_py.dir/rosidl_generator_py/next_motor_interface/msg/_motor_feedback_s.c.o[0m
[6.426s] [ 77%] [32m[1mLinking C shared library rosidl_generator_py/next_motor_interface/libnext_motor_interface__rosidl_generator_py.so[0m
[6.481s] [ 77%] Built target next_motor_interface__rosidl_generator_py
[6.519s] [ 82%] [32mBuilding C object CMakeFiles/next_motor_interface__rosidl_typesupport_fastrtps_c__pyext.dir/rosidl_generator_py/next_motor_interface/_next_motor_interface_s.ep.rosidl_typesupport_fastrtps_c.c.o[0m
[6.519s] [ 82%] [32mBuilding C object CMakeFiles/next_motor_interface__rosidl_typesupport_introspection_c__pyext.dir/rosidl_generator_py/next_motor_interface/_next_motor_interface_s.ep.rosidl_typesupport_introspection_c.c.o[0m
[6.522s] [ 85%] [32mBuilding C object CMakeFiles/next_motor_interface__rosidl_typesupport_c__pyext.dir/rosidl_generator_py/next_motor_interface/_next_motor_interface_s.ep.rosidl_typesupport_c.c.o[0m
[6.676s] [ 88%] [32m[1mLinking C shared library rosidl_generator_py/next_motor_interface/next_motor_interface_s__rosidl_typesupport_c.cpython-310-x86_64-linux-gnu.so[0m
[6.694s] [ 91%] [32m[1mLinking C shared library rosidl_generator_py/next_motor_interface/next_motor_interface_s__rosidl_typesupport_introspection_c.cpython-310-x86_64-linux-gnu.so[0m
[6.728s] [ 94%] [32m[1mLinking C shared library rosidl_generator_py/next_motor_interface/next_motor_interface_s__rosidl_typesupport_fastrtps_c.cpython-310-x86_64-linux-gnu.so[0m
[6.742s] [ 94%] Built target next_motor_interface__rosidl_typesupport_c__pyext
[6.751s] [ 94%] Built target next_motor_interface__rosidl_typesupport_introspection_c__pyext
[6.784s] [ 94%] Built target next_motor_interface__rosidl_typesupport_fastrtps_c__pyext
[13.066s] [ 97%] [32m[1mLinking CXX shared library libkinco_hardware_interface.so[0m
[13.429s] [ 97%] Built target kinco_hardware_interface
[20.262s] [100%] [32m[1mLinking CXX executable kinco_lift_node3_std[0m
[21.000s] [100%] Built target kinco_lift_node3_std
[21.015s] Invoked command in '/home/next/next_HI/build/next_motor_interface' returned '0': CMAKE_PREFIX_PATH=${CMAKE_PREFIX_PATH}:/home/next/next_ros2/install/next_ekf:/home/next/next_UI/install/next_ros2ws_web:/home/next/next_UI/install/next_ros2ws_tools:/home/next/next_UI/install/next_ros2ws_core:/home/next/next_UI/install/map_editor:/opt/ros/humble /usr/bin/cmake --build /home/next/next_HI/build/next_motor_interface -- -j8 -l8
[21.025s] Invoking command in '/home/next/next_HI/build/next_motor_interface': CMAKE_PREFIX_PATH=${CMAKE_PREFIX_PATH}:/home/next/next_ros2/install/next_ekf:/home/next/next_UI/install/next_ros2ws_web:/home/next/next_UI/install/next_ros2ws_tools:/home/next/next_UI/install/next_ros2ws_core:/home/next/next_UI/install/map_editor:/opt/ros/humble /usr/bin/cmake --install /home/next/next_HI/build/next_motor_interface
[21.035s] -- Install configuration: ""
[21.035s] -- Installing: /home/next/next_HI/install/next_motor_interface/share/ament_index/resource_index/rosidl_interfaces/next_motor_interface
[21.035s] -- Installing: /home/next/next_HI/install/next_motor_interface/include/next_motor_interface/next_motor_interface
[21.035s] -- Installing: /home/next/next_HI/install/next_motor_interface/include/next_motor_interface/next_motor_interface/msg
[21.036s] -- Installing: /home/next/next_HI/install/next_motor_interface/include/next_motor_interface/next_motor_interface/msg/detail
[21.036s] -- Installing: /home/next/next_HI/install/next_motor_interface/include/next_motor_interface/next_motor_interface/msg/detail/motor_feedback__functions.h
[21.036s] -- Installing: /home/next/next_HI/install/next_motor_interface/include/next_motor_interface/next_motor_interface/msg/detail/motor_feedback__struct.h
[21.036s] -- Installing: /home/next/next_HI/install/next_motor_interface/include/next_motor_interface/next_motor_interface/msg/detail/motor_feedback__type_support.h
[21.036s] -- Installing: /home/next/next_HI/install/next_motor_interface/include/next_motor_interface/next_motor_interface/msg/detail/motor_feedback__functions.c
[21.036s] -- Installing: /home/next/next_HI/install/next_motor_interface/include/next_motor_interface/next_motor_interface/msg/motor_feedback.h
[21.036s] -- Installing: /home/next/next_HI/install/next_motor_interface/include/next_motor_interface/next_motor_interface/msg/rosidl_generator_c__visibility_control.h
[21.036s] -- Installing: /home/next/next_HI/install/next_motor_interface/share/next_motor_interface/environment/library_path.sh
[21.036s] -- Installing: /home/next/next_HI/install/next_motor_interface/share/next_motor_interface/environment/library_path.dsv
[21.037s] -- Installing: /home/next/next_HI/install/next_motor_interface/lib/libnext_motor_interface__rosidl_generator_c.so
[21.037s] -- Set runtime path of "/home/next/next_HI/install/next_motor_interface/lib/libnext_motor_interface__rosidl_generator_c.so" to ""
[21.037s] -- Up-to-date: /home/next/next_HI/install/next_motor_interface/include/next_motor_interface/next_motor_interface
[21.037s] -- Up-to-date: /home/next/next_HI/install/next_motor_interface/include/next_motor_interface/next_motor_interface/msg
[21.037s] -- Up-to-date: /home/next/next_HI/install/next_motor_interface/include/next_motor_interface/next_motor_interface/msg/detail
[21.037s] -- Installing: /home/next/next_HI/install/next_motor_interface/include/next_motor_interface/next_motor_interface/msg/detail/motor_feedback__rosidl_typesupport_fastrtps_c.h
[21.037s] -- Installing: /home/next/next_HI/install/next_motor_interface/include/next_motor_interface/next_motor_interface/msg/rosidl_typesupport_fastrtps_c__visibility_control.h
[21.038s] -- Installing: /home/next/next_HI/install/next_motor_interface/lib/libnext_motor_interface__rosidl_typesupport_fastrtps_c.so
[21.038s] -- Set runtime path of "/home/next/next_HI/install/next_motor_interface/lib/libnext_motor_interface__rosidl_typesupport_fastrtps_c.so" to ""
[21.038s] -- Up-to-date: /home/next/next_HI/install/next_motor_interface/include/next_motor_interface/next_motor_interface
[21.038s] -- Up-to-date: /home/next/next_HI/install/next_motor_interface/include/next_motor_interface/next_motor_interface/msg
[21.038s] -- Installing: /home/next/next_HI/install/next_motor_interface/include/next_motor_interface/next_motor_interface/msg/rosidl_typesupport_introspection_c__visibility_control.h
[21.038s] -- Up-to-date: /home/next/next_HI/install/next_motor_interface/include/next_motor_interface/next_motor_interface/msg/detail
[21.038s] -- Installing: /home/next/next_HI/install/next_motor_interface/include/next_motor_interface/next_motor_interface/msg/detail/motor_feedback__type_support.c
[21.038s] -- Installing: /home/next/next_HI/install/next_motor_interface/include/next_motor_interface/next_motor_interface/msg/detail/motor_feedback__rosidl_typesupport_introspection_c.h
[21.038s] -- Installing: /home/next/next_HI/install/next_motor_interface/lib/libnext_motor_interface__rosidl_typesupport_introspection_c.so
[21.039s] -- Set runtime path of "/home/next/next_HI/install/next_motor_interface/lib/libnext_motor_interface__rosidl_typesupport_introspection_c.so" to ""
[21.039s] -- Installing: /home/next/next_HI/install/next_motor_interface/lib/libnext_motor_interface__rosidl_typesupport_c.so
[21.039s] -- Set runtime path of "/home/next/next_HI/install/next_motor_interface/lib/libnext_motor_interface__rosidl_typesupport_c.so" to ""
[21.039s] -- Up-to-date: /home/next/next_HI/install/next_motor_interface/include/next_motor_interface/next_motor_interface
[21.039s] -- Up-to-date: /home/next/next_HI/install/next_motor_interface/include/next_motor_interface/next_motor_interface/msg
[21.039s] -- Up-to-date: /home/next/next_HI/install/next_motor_interface/include/next_motor_interface/next_motor_interface/msg/detail
[21.040s] -- Installing: /home/next/next_HI/install/next_motor_interface/include/next_motor_interface/next_motor_interface/msg/detail/motor_feedback__type_support.hpp
[21.040s] -- Installing: /home/next/next_HI/install/next_motor_interface/include/next_motor_interface/next_motor_interface/msg/detail/motor_feedback__traits.hpp
[21.040s] -- Installing: /home/next/next_HI/install/next_motor_interface/include/next_motor_interface/next_motor_interface/msg/detail/motor_feedback__builder.hpp
[21.040s] -- Installing: /home/next/next_HI/install/next_motor_interface/include/next_motor_interface/next_motor_interface/msg/detail/motor_feedback__struct.hpp
[21.040s] -- Installing: /home/next/next_HI/install/next_motor_interface/include/next_motor_interface/next_motor_interface/msg/motor_feedback.hpp
[21.040s] -- Installing: /home/next/next_HI/install/next_motor_interface/include/next_motor_interface/next_motor_interface/msg/rosidl_generator_cpp__visibility_control.hpp
[21.040s] -- Up-to-date: /home/next/next_HI/install/next_motor_interface/include/next_motor_interface/next_motor_interface
[21.040s] -- Up-to-date: /home/next/next_HI/install/next_motor_interface/include/next_motor_interface/next_motor_interface/msg
[21.041s] -- Up-to-date: /home/next/next_HI/install/next_motor_interface/include/next_motor_interface/next_motor_interface/msg/detail
[21.041s] -- Installing: /home/next/next_HI/install/next_motor_interface/include/next_motor_interface/next_motor_interface/msg/detail/motor_feedback__rosidl_typesupport_fastrtps_cpp.hpp
[21.041s] -- Installing: /home/next/next_HI/install/next_motor_interface/include/next_motor_interface/next_motor_interface/msg/detail/dds_fastrtps
[21.041s] -- Installing: /home/next/next_HI/install/next_motor_interface/include/next_motor_interface/next_motor_interface/msg/rosidl_typesupport_fastrtps_cpp__visibility_control.h
[21.041s] -- Installing: /home/next/next_HI/install/next_motor_interface/lib/libnext_motor_interface__rosidl_typesupport_fastrtps_cpp.so
[21.041s] -- Set runtime path of "/home/next/next_HI/install/next_motor_interface/lib/libnext_motor_interface__rosidl_typesupport_fastrtps_cpp.so" to ""
[21.041s] -- Up-to-date: /home/next/next_HI/install/next_motor_interface/include/next_motor_interface/next_motor_interface
[21.041s] -- Up-to-date: /home/next/next_HI/install/next_motor_interface/include/next_motor_interface/next_motor_interface/msg
[21.042s] -- Up-to-date: /home/next/next_HI/install/next_motor_interface/include/next_motor_interface/next_motor_interface/msg/detail
[21.042s] -- Installing: /home/next/next_HI/install/next_motor_interface/include/next_motor_interface/next_motor_interface/msg/detail/motor_feedback__type_support.cpp
[21.042s] -- Installing: /home/next/next_HI/install/next_motor_interface/include/next_motor_interface/next_motor_interface/msg/detail/motor_feedback__rosidl_typesupport_introspection_cpp.hpp
[21.042s] -- Installing: /home/next/next_HI/install/next_motor_interface/lib/libnext_motor_interface__rosidl_typesupport_introspection_cpp.so
[21.042s] -- Set runtime path of "/home/next/next_HI/install/next_motor_interface/lib/libnext_motor_interface__rosidl_typesupport_introspection_cpp.so" to ""
[21.042s] -- Installing: /home/next/next_HI/install/next_motor_interface/lib/libnext_motor_interface__rosidl_typesupport_cpp.so
[21.042s] -- Set runtime path of "/home/next/next_HI/install/next_motor_interface/lib/libnext_motor_interface__rosidl_typesupport_cpp.so" to ""
[21.042s] -- Installing: /home/next/next_HI/install/next_motor_interface/share/next_motor_interface/environment/pythonpath.sh
[21.043s] -- Installing: /home/next/next_HI/install/next_motor_interface/share/next_motor_interface/environment/pythonpath.dsv
[21.043s] -- Installing: /home/next/next_HI/install/next_motor_interface/local/lib/python3.10/dist-packages/next_motor_interface-0.0.0-py3.10.egg-info
[21.043s] -- Installing: /home/next/next_HI/install/next_motor_interface/local/lib/python3.10/dist-packages/next_motor_interface-0.0.0-py3.10.egg-info/top_level.txt
[21.043s] -- Installing: /home/next/next_HI/install/next_motor_interface/local/lib/python3.10/dist-packages/next_motor_interface-0.0.0-py3.10.egg-info/SOURCES.txt
[21.043s] -- Installing: /home/next/next_HI/install/next_motor_interface/local/lib/python3.10/dist-packages/next_motor_interface-0.0.0-py3.10.egg-info/dependency_links.txt
[21.043s] -- Installing: /home/next/next_HI/install/next_motor_interface/local/lib/python3.10/dist-packages/next_motor_interface-0.0.0-py3.10.egg-info/PKG-INFO
[21.044s] -- Installing: /home/next/next_HI/install/next_motor_interface/local/lib/python3.10/dist-packages/next_motor_interface
[21.044s] -- Installing: /home/next/next_HI/install/next_motor_interface/local/lib/python3.10/dist-packages/next_motor_interface/next_motor_interface_s__rosidl_typesupport_introspection_c.cpython-310-x86_64-linux-gnu.so
[21.044s] -- Installing: /home/next/next_HI/install/next_motor_interface/local/lib/python3.10/dist-packages/next_motor_interface/_next_motor_interface_s.ep.rosidl_typesupport_c.c
[21.044s] -- Installing: /home/next/next_HI/install/next_motor_interface/local/lib/python3.10/dist-packages/next_motor_interface/next_motor_interface_s__rosidl_typesupport_c.cpython-310-x86_64-linux-gnu.so
[21.044s] -- Installing: /home/next/next_HI/install/next_motor_interface/local/lib/python3.10/dist-packages/next_motor_interface/next_motor_interface_s__rosidl_typesupport_fastrtps_c.cpython-310-x86_64-linux-gnu.so
[21.044s] -- Installing: /home/next/next_HI/install/next_motor_interface/local/lib/python3.10/dist-packages/next_motor_interface/_next_motor_interface_s.ep.rosidl_typesupport_introspection_c.c
[21.044s] -- Installing: /home/next/next_HI/install/next_motor_interface/local/lib/python3.10/dist-packages/next_motor_interface/_next_motor_interface_s.ep.rosidl_typesupport_fastrtps_c.c
[21.045s] -- Installing: /home/next/next_HI/install/next_motor_interface/local/lib/python3.10/dist-packages/next_motor_interface/__init__.py
[21.045s] -- Installing: /home/next/next_HI/install/next_motor_interface/local/lib/python3.10/dist-packages/next_motor_interface/msg
[21.045s] -- Installing: /home/next/next_HI/install/next_motor_interface/local/lib/python3.10/dist-packages/next_motor_interface/msg/__init__.py
[21.045s] -- Installing: /home/next/next_HI/install/next_motor_interface/local/lib/python3.10/dist-packages/next_motor_interface/msg/_motor_feedback.py
[21.045s] -- Installing: /home/next/next_HI/install/next_motor_interface/local/lib/python3.10/dist-packages/next_motor_interface/msg/_motor_feedback_s.c
[21.045s] -- Installing: /home/next/next_HI/install/next_motor_interface/local/lib/python3.10/dist-packages/next_motor_interface/libnext_motor_interface__rosidl_generator_py.so
[21.094s] Listing '/home/next/next_HI/install/next_motor_interface/local/lib/python3.10/dist-packages/next_motor_interface'...
[21.094s] Compiling '/home/next/next_HI/install/next_motor_interface/local/lib/python3.10/dist-packages/next_motor_interface/__init__.py'...
[21.094s] Listing '/home/next/next_HI/install/next_motor_interface/local/lib/python3.10/dist-packages/next_motor_interface/msg'...
[21.094s] Compiling '/home/next/next_HI/install/next_motor_interface/local/lib/python3.10/dist-packages/next_motor_interface/msg/__init__.py'...
[21.094s] Compiling '/home/next/next_HI/install/next_motor_interface/local/lib/python3.10/dist-packages/next_motor_interface/msg/_motor_feedback.py'...
[21.102s] -- Installing: /home/next/next_HI/install/next_motor_interface/local/lib/python3.10/dist-packages/next_motor_interface/next_motor_interface_s__rosidl_typesupport_fastrtps_c.cpython-310-x86_64-linux-gnu.so
[21.102s] -- Set runtime path of "/home/next/next_HI/install/next_motor_interface/local/lib/python3.10/dist-packages/next_motor_interface/next_motor_interface_s__rosidl_typesupport_fastrtps_c.cpython-310-x86_64-linux-gnu.so" to ""
[21.102s] -- Installing: /home/next/next_HI/install/next_motor_interface/local/lib/python3.10/dist-packages/next_motor_interface/next_motor_interface_s__rosidl_typesupport_introspection_c.cpython-310-x86_64-linux-gnu.so
[21.102s] -- Set runtime path of "/home/next/next_HI/install/next_motor_interface/local/lib/python3.10/dist-packages/next_motor_interface/next_motor_interface_s__rosidl_typesupport_introspection_c.cpython-310-x86_64-linux-gnu.so" to ""
[21.102s] -- Installing: /home/next/next_HI/install/next_motor_interface/local/lib/python3.10/dist-packages/next_motor_interface/next_motor_interface_s__rosidl_typesupport_c.cpython-310-x86_64-linux-gnu.so
[21.103s] -- Set runtime path of "/home/next/next_HI/install/next_motor_interface/local/lib/python3.10/dist-packages/next_motor_interface/next_motor_interface_s__rosidl_typesupport_c.cpython-310-x86_64-linux-gnu.so" to ""
[21.103s] -- Installing: /home/next/next_HI/install/next_motor_interface/lib/libnext_motor_interface__rosidl_generator_py.so
[21.103s] -- Set runtime path of "/home/next/next_HI/install/next_motor_interface/lib/libnext_motor_interface__rosidl_generator_py.so" to ""
[21.103s] -- Installing: /home/next/next_HI/install/next_motor_interface/share/next_motor_interface/msg/MotorFeedback.idl
[21.104s] -- Installing: /home/next/next_HI/install/next_motor_interface/share/next_motor_interface/msg/MotorFeedback.msg
[21.104s] -- Installing: /home/next/next_HI/install/next_motor_interface/share/next_motor_interface/kinco_hardware_interface.xml
[21.104s] -- Installing: /home/next/next_HI/install/next_motor_interface/lib/libkinco_hardware_interface.so
[21.108s] -- Set runtime path of "/home/next/next_HI/install/next_motor_interface/lib/libkinco_hardware_interface.so" to ""
[21.108s] -- Installing: /home/next/next_HI/install/next_motor_interface/share/next_motor_interface/launch
[21.108s] -- Installing: /home/next/next_HI/install/next_motor_interface/share/next_motor_interface/launch/slam.launch.py
[21.108s] -- Installing: /home/next/next_HI/install/next_motor_interface/share/next_motor_interface/launch/nav2.launch.py
[21.108s] -- Installing: /home/next/next_HI/install/next_motor_interface/share/next_motor_interface/launch/lift_node3.launch.py
[21.108s] -- Installing: /home/next/next_HI/install/next_motor_interface/share/next_motor_interface/launch/localization.launch.py
[21.109s] -- Installing: /home/next/next_HI/install/next_motor_interface/share/next_motor_interface/launch/robot_control.launch.py
[21.109s] -- Installing: /home/next/next_HI/install/next_motor_interface/share/next_motor_interface/config
[21.109s] -- Installing: /home/next/next_HI/install/next_motor_interface/share/next_motor_interface/config/lift_node3.yaml
[21.109s] -- Installing: /home/next/next_HI/install/next_motor_interface/share/next_motor_interface/config/bus_can0
[21.109s] -- Installing: /home/next/next_HI/install/next_motor_interface/share/next_motor_interface/config/bus_can0/bus.yml
[21.109s] -- Installing: /home/next/next_HI/install/next_motor_interface/share/next_motor_interface/config/bus_can0/right_can0.eds
[21.109s] -- Installing: /home/next/next_HI/install/next_motor_interface/share/next_motor_interface/config/bus_can0/ros2_controllers.yaml
[21.110s] -- Installing: /home/next/next_HI/install/next_motor_interface/share/next_motor_interface/config/bus_can0/left_can0.eds
[21.110s] -- Installing: /home/next/next_HI/install/next_motor_interface/share/next_motor_interface/config/nav2_params.yaml
[21.110s] -- Installing: /home/next/next_HI/install/next_motor_interface/share/next_motor_interface/config/slam.rviz
[21.110s] -- Installing: /home/next/next_HI/install/next_motor_interface/share/next_motor_interface/config/mapper_params_online_async.yaml
[21.111s] -- Installing: /home/next/next_HI/install/next_motor_interface/share/next_motor_interface/urdf
[21.111s] -- Installing: /home/next/next_HI/install/next_motor_interface/share/next_motor_interface/urdf/robot.urdf.xacro
[21.111s] -- Installing: /home/next/next_HI/install/next_motor_interface/share/next_motor_interface/urdf/ros2_control_kinco.xacro
[21.111s] -- Installing: /home/next/next_HI/install/next_motor_interface/share/next_motor_interface/urdf/imu2.xacro
[21.111s] -- Installing: /home/next/next_HI/install/next_motor_interface/share/next_motor_interface/urdf/robot_core copy 2.xacro
[21.111s] -- Installing: /home/next/next_HI/install/next_motor_interface/share/next_motor_interface/urdf/ros2_control_mock.xacro
[21.111s] -- Installing: /home/next/next_HI/install/next_motor_interface/share/next_motor_interface/urdf/gazebo_control.xacro
[21.111s] -- Installing: /home/next/next_HI/install/next_motor_interface/share/next_motor_interface/urdf/imu.xacro
[21.111s] -- Installing: /home/next/next_HI/install/next_motor_interface/share/next_motor_interface/urdf/lidar.xacro
[21.111s] -- Installing: /home/next/next_HI/install/next_motor_interface/share/next_motor_interface/urdf/robot_core copy.xacro
[21.112s] -- Installing: /home/next/next_HI/install/next_motor_interface/share/next_motor_interface/urdf/face.xacro
[21.112s] -- Installing: /home/next/next_HI/install/next_motor_interface/share/next_motor_interface/urdf/inertial_macros.xacro
[21.112s] -- Installing: /home/next/next_HI/install/next_motor_interface/share/next_motor_interface/urdf/ros2_control.xacro
[21.112s] -- Installing: /home/next/next_HI/install/next_motor_interface/share/next_motor_interface/urdf/lidar copy.xacro
[21.112s] -- Installing: /home/next/next_HI/install/next_motor_interface/share/next_motor_interface/urdf/robot_core.xacro
[21.112s] -- Installing: /home/next/next_HI/install/next_motor_interface/share/next_motor_interface/maps
[21.112s] -- Installing: /home/next/next_HI/install/next_motor_interface/share/next_motor_interface/maps/README.md
[21.112s] -- Installing: /home/next/next_HI/install/next_motor_interface/share/next_motor_interface/rviz
[21.112s] -- Installing: /home/next/next_HI/install/next_motor_interface/share/next_motor_interface/rviz/nav2.rviz
[21.113s] [31mCMake Error at cmake_install.cmake:394 (file):
[21.113s]   file INSTALL cannot find
[21.113s]   "/home/next/next_HI/src/next_motor_interface/scripts": No such file or
[21.113s]   directory.
[21.113s] 
[21.113s] [0m
[21.114s] Invoked command in '/home/next/next_HI/build/next_motor_interface' returned '1': CMAKE_PREFIX_PATH=${CMAKE_PREFIX_PATH}:/home/next/next_ros2/install/next_ekf:/home/next/next_UI/install/next_ros2ws_web:/home/next/next_UI/install/next_ros2ws_tools:/home/next/next_UI/install/next_ros2ws_core:/home/next/next_UI/install/map_editor:/opt/ros/humble /usr/bin/cmake --install /home/next/next_HI/build/next_motor_interface
