[0.022s] Invoking command in '/home/next/next_HI/build/next_motor_interface': CMAKE_PREFIX_PATH=${CMAKE_PREFIX_PATH}:/home/next/next_ros2/install/next_ekf:/home/next/next_UI/install/next_ros2ws_web:/home/next/next_UI/install/next_ros2ws_tools:/home/next/next_UI/install/next_ros2ws_core:/home/next/next_UI/install/map_editor:/opt/ros/humble /usr/bin/cmake /home/next/next_HI/src/next_motor_interface -DAMENT_CMAKE_SYMLINK_INSTALL=1 -DCMAKE_INSTALL_PREFIX=/home/next/next_HI/install/next_motor_interface
[0.054s] -- Found ament_cmake: 1.3.12 (/opt/ros/humble/share/ament_cmake/cmake)
[0.311s] -- Override CMake install command with custom implementation using symlinks instead of copying resources
[0.336s] -- Found rosidl_default_generators: 1.2.0 (/opt/ros/humble/share/rosidl_default_generators/cmake)
[0.349s] -- Using all available rosidl_typesupport_c: rosidl_typesupport_fastrtps_c;rosidl_typesupport_introspection_c
[0.359s] -- Found rosidl_adapter: 3.1.8 (/opt/ros/humble/share/rosidl_adapter/cmake)
[0.445s] -- Using all available rosidl_typesupport_cpp: rosidl_typesupport_fastrtps_cpp;rosidl_typesupport_introspection_cpp
[0.512s] -- Found std_msgs: 4.9.0 (/opt/ros/humble/share/std_msgs/cmake)
[0.571s] -- Found lely_core_libraries: 0.2.13 (/opt/ros/humble/share/lely_core_libraries/cmake)
[0.581s] -- Found hardware_interface: 2.53.0 (/opt/ros/humble/share/hardware_interface/cmake)
[0.925s] -- Found rmw_implementation_cmake: 6.1.2 (/opt/ros/humble/share/rmw_implementation_cmake/cmake)
[0.930s] -- Found rmw_fastrtps_cpp: 6.2.9 (/opt/ros/humble/share/rmw_fastrtps_cpp/cmake)
[0.981s] -- Found TinyXML2 via Config file: TinyXML2_DIR-NOTFOUND
[1.000s] -- Found TinyXML2 via Config file: TinyXML2_DIR-NOTFOUND
[1.026s] -- Found TinyXML2 via Config file: TinyXML2_DIR-NOTFOUND
[1.040s] -- Found TinyXML2 via Config file: TinyXML2_DIR-NOTFOUND
[1.061s] -- Using RMW implementation 'rmw_fastrtps_cpp' as default
[1.761s] -- Found ament_cmake_ros: 0.10.0 (/opt/ros/humble/share/ament_cmake_ros/cmake)
[2.200s] -- Using all available rosidl_typesupport_c: rosidl_typesupport_fastrtps_c;rosidl_typesupport_introspection_c
[2.815s] -- Using all available rosidl_typesupport_cpp: rosidl_typesupport_fastrtps_cpp;rosidl_typesupport_introspection_cpp
[2.872s] -- Found python_cmake_module: 0.10.0 (/opt/ros/humble/share/python_cmake_module/cmake)
[2.921s] -- Using PYTHON_EXECUTABLE: /usr/bin/python3
[2.921s] -- Using PYTHON_INCLUDE_DIRS: /usr/include/python3.10
[2.921s] -- Using PYTHON_LIBRARIES: /usr/lib/x86_64-linux-gnu/libpython3.10.so
[3.006s] CMake Deprecation Warning at /opt/ros/humble/share/rosidl_cmake/cmake/rosidl_target_interfaces.cmake:32 (message):
[3.006s]   Use rosidl_get_typesupport_target() and target_link_libraries() instead of
[3.006s]   rosidl_target_interfaces()
[3.007s] Call Stack (most recent call first):
[3.007s]   CMakeLists.txt:40 (rosidl_target_interfaces)
[3.007s] 
[3.007s] 
[3.028s] -- Configuring done
[3.108s] -- Generating done
[3.139s] -- Build files have been written to: /home/next/next_HI/build/next_motor_interface
[3.160s] Invoked command in '/home/next/next_HI/build/next_motor_interface' returned '0': CMAKE_PREFIX_PATH=${CMAKE_PREFIX_PATH}:/home/next/next_ros2/install/next_ekf:/home/next/next_UI/install/next_ros2ws_web:/home/next/next_UI/install/next_ros2ws_tools:/home/next/next_UI/install/next_ros2ws_core:/home/next/next_UI/install/map_editor:/opt/ros/humble /usr/bin/cmake /home/next/next_HI/src/next_motor_interface -DAMENT_CMAKE_SYMLINK_INSTALL=1 -DCMAKE_INSTALL_PREFIX=/home/next/next_HI/install/next_motor_interface
[3.165s] Invoking command in '/home/next/next_HI/build/next_motor_interface': CMAKE_PREFIX_PATH=${CMAKE_PREFIX_PATH}:/home/next/next_ros2/install/next_ekf:/home/next/next_UI/install/next_ros2ws_web:/home/next/next_UI/install/next_ros2ws_tools:/home/next/next_UI/install/next_ros2ws_core:/home/next/next_UI/install/map_editor:/opt/ros/humble /usr/bin/cmake --build /home/next/next_HI/build/next_motor_interface -- -j8 -l8
[3.264s] [  2%] Built target next_motor_interface__cpp
[3.289s] Consolidate compiler generated dependencies of target kinco_lift_node3_std
[3.310s] [  5%] Linking CXX executable kinco_lift_node3_std
[4.431s] [  8%] Built target kinco_lift_node3_std
[4.454s] Consolidate compiler generated dependencies of target next_motor_interface__rosidl_typesupport_introspection_cpp
[4.477s] [ 17%] Built target next_motor_interface__rosidl_typesupport_introspection_cpp
[4.500s] Consolidate compiler generated dependencies of target next_motor_interface__rosidl_typesupport_fastrtps_cpp
[4.519s] [ 25%] Built target next_motor_interface__rosidl_typesupport_fastrtps_cpp
[4.544s] Consolidate compiler generated dependencies of target next_motor_interface__rosidl_typesupport_cpp
[4.561s] [ 34%] Built target next_motor_interface__rosidl_typesupport_cpp
[4.600s] failed to create symbolic link '/home/next/next_HI/build/next_motor_interface/ament_cmake_python/next_motor_interface/next_motor_interface' because existing path cannot be removed: Is a directory
[4.601s] gmake[2]: *** [CMakeFiles/ament_cmake_python_symlink_next_motor_interface.dir/build.make:70: CMakeFiles/ament_cmake_python_symlink_next_motor_interface] Error 1
[4.601s] gmake[1]: *** [CMakeFiles/Makefile2:425: CMakeFiles/ament_cmake_python_symlink_next_motor_interface.dir/all] Error 2
[4.601s] gmake: *** [Makefile:146: all] Error 2
[4.603s] Invoked command in '/home/next/next_HI/build/next_motor_interface' returned '2': CMAKE_PREFIX_PATH=${CMAKE_PREFIX_PATH}:/home/next/next_ros2/install/next_ekf:/home/next/next_UI/install/next_ros2ws_web:/home/next/next_UI/install/next_ros2ws_tools:/home/next/next_UI/install/next_ros2ws_core:/home/next/next_UI/install/map_editor:/opt/ros/humble /usr/bin/cmake --build /home/next/next_HI/build/next_motor_interface -- -j8 -l8
