[0.012s] Invoking command in '/home/next/next_HI/build/next_motor_interface': CMAKE_PREFIX_PATH=${CMAKE_PREFIX_PATH}:/home/next/next_ros2/install/next_ekf:/home/next/next_UI/install/next_ros2ws_web:/home/next/next_UI/install/next_ros2ws_tools:/home/next/next_UI/install/next_ros2ws_core:/home/next/next_UI/install/map_editor:/opt/ros/humble /usr/bin/cmake --build /home/next/next_HI/build/next_motor_interface -- -j8 -l8
[0.042s] -- Found ament_cmake: 1.3.12 (/opt/ros/humble/share/ament_cmake/cmake)
[0.204s] -- Found rosidl_default_generators: 1.2.0 (/opt/ros/humble/share/rosidl_default_generators/cmake)
[0.209s] -- Using all available rosidl_typesupport_c: rosidl_typesupport_fastrtps_c;rosidl_typesupport_introspection_c
[0.212s] -- Found rosidl_adapter: 3.1.8 (/opt/ros/humble/share/rosidl_adapter/cmake)
[0.252s] -- Using all available rosidl_typesupport_cpp: rosidl_typesupport_fastrtps_cpp;rosidl_typesupport_introspection_cpp
[0.280s] -- Found std_msgs: 4.9.0 (/opt/ros/humble/share/std_msgs/cmake)
[0.310s] -- Found lely_core_libraries: 0.2.13 (/opt/ros/humble/share/lely_core_libraries/cmake)
[0.314s] -- Found hardware_interface: 2.53.0 (/opt/ros/humble/share/hardware_interface/cmake)
[0.500s] -- Found rmw_implementation_cmake: 6.1.2 (/opt/ros/humble/share/rmw_implementation_cmake/cmake)
[0.502s] -- Found rmw_fastrtps_cpp: 6.2.9 (/opt/ros/humble/share/rmw_fastrtps_cpp/cmake)
[0.525s] -- Found TinyXML2 via Config file: TinyXML2_DIR-NOTFOUND
[0.535s] -- Found TinyXML2 via Config file: TinyXML2_DIR-NOTFOUND
[0.556s] -- Found TinyXML2 via Config file: TinyXML2_DIR-NOTFOUND
[0.565s] -- Found TinyXML2 via Config file: TinyXML2_DIR-NOTFOUND
[0.577s] -- Using RMW implementation 'rmw_fastrtps_cpp' as default
[1.010s] -- Found ament_cmake_ros: 0.10.0 (/opt/ros/humble/share/ament_cmake_ros/cmake)
[1.287s] -- Using all available rosidl_typesupport_c: rosidl_typesupport_fastrtps_c;rosidl_typesupport_introspection_c
[1.658s] -- Using all available rosidl_typesupport_cpp: rosidl_typesupport_fastrtps_cpp;rosidl_typesupport_introspection_cpp
[1.686s] -- Found python_cmake_module: 0.10.0 (/opt/ros/humble/share/python_cmake_module/cmake)
[1.716s] -- Using PYTHON_EXECUTABLE: /usr/bin/python3
[1.716s] -- Using PYTHON_INCLUDE_DIRS: /usr/include/python3.10
[1.716s] -- Using PYTHON_LIBRARIES: /usr/lib/x86_64-linux-gnu/libpython3.10.so
[1.767s] [0mCMake Deprecation Warning at /opt/ros/humble/share/rosidl_cmake/cmake/rosidl_target_interfaces.cmake:32 (message):
[1.767s]   Use rosidl_get_typesupport_target() and target_link_libraries() instead of
[1.767s]   rosidl_target_interfaces()
[1.768s] Call Stack (most recent call first):
[1.768s]   CMakeLists.txt:40 (rosidl_target_interfaces)
[1.768s] 
[1.768s] [0m
[1.775s] -- Configuring done
[1.824s] -- Generating done
[1.844s] -- Build files have been written to: /home/next/next_HI/build/next_motor_interface
[1.877s] [35m[1mConsolidate compiler generated dependencies of target next_motor_interface__rosidl_generator_c[0m
[1.877s] [35m[1mConsolidate compiler generated dependencies of target kinco_lift_node3_std[0m
[1.889s] [  2%] Built target next_motor_interface__cpp
[1.891s] [ 11%] Built target next_motor_interface__rosidl_generator_c
[1.900s] [ 17%] Built target kinco_lift_node3_std
[1.901s] [ 17%] Built target ament_cmake_python_copy_next_motor_interface
[1.904s] [35m[1mConsolidate compiler generated dependencies of target next_motor_interface__rosidl_typesupport_introspection_cpp[0m
[1.905s] [35m[1mConsolidate compiler generated dependencies of target next_motor_interface__rosidl_typesupport_cpp[0m
[1.906s] [35m[1mConsolidate compiler generated dependencies of target next_motor_interface__rosidl_typesupport_fastrtps_cpp[0m
[1.916s] [35m[1mConsolidate compiler generated dependencies of target next_motor_interface__rosidl_typesupport_introspection_c[0m
[1.916s] [35m[1mConsolidate compiler generated dependencies of target next_motor_interface__rosidl_typesupport_fastrtps_c[0m
[1.919s] [35m[1mConsolidate compiler generated dependencies of target next_motor_interface__rosidl_typesupport_c[0m
[1.925s] [ 28%] Built target next_motor_interface__rosidl_typesupport_introspection_cpp
[1.925s] [ 34%] Built target next_motor_interface__rosidl_typesupport_cpp
[1.930s] [ 42%] Built target next_motor_interface__rosidl_typesupport_fastrtps_cpp
[1.935s] [ 51%] Built target next_motor_interface__rosidl_typesupport_introspection_c
[1.937s] [ 60%] Built target next_motor_interface__rosidl_typesupport_fastrtps_c
[1.938s] [ 68%] Built target next_motor_interface__rosidl_typesupport_c
[1.962s] [ 68%] Built target next_motor_interface
[1.973s] [35m[1mConsolidate compiler generated dependencies of target kinco_hardware_interface[0m
[1.984s] [ 71%] Built target next_motor_interface__py
[1.994s] [ 77%] Built target kinco_hardware_interface
[1.995s] [35m[1mConsolidate compiler generated dependencies of target next_motor_interface__rosidl_generator_py[0m
[2.009s] [ 82%] Built target next_motor_interface__rosidl_generator_py
[2.023s] [35m[1mConsolidate compiler generated dependencies of target next_motor_interface__rosidl_typesupport_c__pyext[0m
[2.023s] [35m[1mConsolidate compiler generated dependencies of target next_motor_interface__rosidl_typesupport_introspection_c__pyext[0m
[2.025s] [35m[1mConsolidate compiler generated dependencies of target next_motor_interface__rosidl_typesupport_fastrtps_c__pyext[0m
[2.039s] [ 88%] Built target next_motor_interface__rosidl_typesupport_c__pyext
[2.039s] [ 94%] Built target next_motor_interface__rosidl_typesupport_introspection_c__pyext
[2.041s] [100%] Built target next_motor_interface__rosidl_typesupport_fastrtps_c__pyext
[2.294s] running egg_info
[2.296s] writing next_motor_interface.egg-info/PKG-INFO
[2.296s] writing dependency_links to next_motor_interface.egg-info/dependency_links.txt
[2.296s] writing top-level names to next_motor_interface.egg-info/top_level.txt
[2.299s] reading manifest file 'next_motor_interface.egg-info/SOURCES.txt'
[2.300s] writing manifest file 'next_motor_interface.egg-info/SOURCES.txt'
[2.328s] [100%] Built target ament_cmake_python_build_next_motor_interface_egg
[2.341s] Invoked command in '/home/next/next_HI/build/next_motor_interface' returned '0': CMAKE_PREFIX_PATH=${CMAKE_PREFIX_PATH}:/home/next/next_ros2/install/next_ekf:/home/next/next_UI/install/next_ros2ws_web:/home/next/next_UI/install/next_ros2ws_tools:/home/next/next_UI/install/next_ros2ws_core:/home/next/next_UI/install/map_editor:/opt/ros/humble /usr/bin/cmake --build /home/next/next_HI/build/next_motor_interface -- -j8 -l8
[2.352s] Invoking command in '/home/next/next_HI/build/next_motor_interface': CMAKE_PREFIX_PATH=${CMAKE_PREFIX_PATH}:/home/next/next_ros2/install/next_ekf:/home/next/next_UI/install/next_ros2ws_web:/home/next/next_UI/install/next_ros2ws_tools:/home/next/next_UI/install/next_ros2ws_core:/home/next/next_UI/install/map_editor:/opt/ros/humble /usr/bin/cmake --install /home/next/next_HI/build/next_motor_interface
[2.361s] -- Install configuration: ""
[2.361s] -- Up-to-date: /home/next/next_HI/install/next_motor_interface/share/ament_index/resource_index/rosidl_interfaces/next_motor_interface
[2.361s] -- Up-to-date: /home/next/next_HI/install/next_motor_interface/include/next_motor_interface/next_motor_interface
[2.361s] -- Up-to-date: /home/next/next_HI/install/next_motor_interface/include/next_motor_interface/next_motor_interface/msg
[2.361s] -- Up-to-date: /home/next/next_HI/install/next_motor_interface/include/next_motor_interface/next_motor_interface/msg/detail
[2.362s] -- Up-to-date: /home/next/next_HI/install/next_motor_interface/include/next_motor_interface/next_motor_interface/msg/detail/motor_feedback__functions.h
[2.362s] -- Up-to-date: /home/next/next_HI/install/next_motor_interface/include/next_motor_interface/next_motor_interface/msg/detail/motor_feedback__struct.h
[2.362s] -- Up-to-date: /home/next/next_HI/install/next_motor_interface/include/next_motor_interface/next_motor_interface/msg/detail/motor_feedback__type_support.h
[2.362s] -- Up-to-date: /home/next/next_HI/install/next_motor_interface/include/next_motor_interface/next_motor_interface/msg/detail/motor_feedback__functions.c
[2.362s] -- Up-to-date: /home/next/next_HI/install/next_motor_interface/include/next_motor_interface/next_motor_interface/msg/motor_feedback.h
[2.362s] -- Up-to-date: /home/next/next_HI/install/next_motor_interface/include/next_motor_interface/next_motor_interface/msg/rosidl_generator_c__visibility_control.h
[2.363s] -- Up-to-date: /home/next/next_HI/install/next_motor_interface/share/next_motor_interface/environment/library_path.sh
[2.363s] -- Installing: /home/next/next_HI/install/next_motor_interface/share/next_motor_interface/environment/library_path.dsv
[2.363s] -- Up-to-date: /home/next/next_HI/install/next_motor_interface/lib/libnext_motor_interface__rosidl_generator_c.so
[2.363s] -- Up-to-date: /home/next/next_HI/install/next_motor_interface/include/next_motor_interface/next_motor_interface
[2.363s] -- Up-to-date: /home/next/next_HI/install/next_motor_interface/include/next_motor_interface/next_motor_interface/msg
[2.363s] -- Up-to-date: /home/next/next_HI/install/next_motor_interface/include/next_motor_interface/next_motor_interface/msg/detail
[2.363s] -- Up-to-date: /home/next/next_HI/install/next_motor_interface/include/next_motor_interface/next_motor_interface/msg/detail/motor_feedback__rosidl_typesupport_fastrtps_c.h
[2.364s] -- Up-to-date: /home/next/next_HI/install/next_motor_interface/include/next_motor_interface/next_motor_interface/msg/rosidl_typesupport_fastrtps_c__visibility_control.h
[2.364s] -- Up-to-date: /home/next/next_HI/install/next_motor_interface/lib/libnext_motor_interface__rosidl_typesupport_fastrtps_c.so
[2.364s] -- Up-to-date: /home/next/next_HI/install/next_motor_interface/include/next_motor_interface/next_motor_interface
[2.364s] -- Up-to-date: /home/next/next_HI/install/next_motor_interface/include/next_motor_interface/next_motor_interface/msg
[2.364s] -- Up-to-date: /home/next/next_HI/install/next_motor_interface/include/next_motor_interface/next_motor_interface/msg/rosidl_typesupport_introspection_c__visibility_control.h
[2.364s] -- Up-to-date: /home/next/next_HI/install/next_motor_interface/include/next_motor_interface/next_motor_interface/msg/detail
[2.364s] -- Up-to-date: /home/next/next_HI/install/next_motor_interface/include/next_motor_interface/next_motor_interface/msg/detail/motor_feedback__type_support.c
[2.364s] -- Up-to-date: /home/next/next_HI/install/next_motor_interface/include/next_motor_interface/next_motor_interface/msg/detail/motor_feedback__rosidl_typesupport_introspection_c.h
[2.364s] -- Up-to-date: /home/next/next_HI/install/next_motor_interface/lib/libnext_motor_interface__rosidl_typesupport_introspection_c.so
[2.364s] -- Up-to-date: /home/next/next_HI/install/next_motor_interface/lib/libnext_motor_interface__rosidl_typesupport_c.so
[2.364s] -- Up-to-date: /home/next/next_HI/install/next_motor_interface/include/next_motor_interface/next_motor_interface
[2.364s] -- Up-to-date: /home/next/next_HI/install/next_motor_interface/include/next_motor_interface/next_motor_interface/msg
[2.365s] -- Up-to-date: /home/next/next_HI/install/next_motor_interface/include/next_motor_interface/next_motor_interface/msg/detail
[2.365s] -- Up-to-date: /home/next/next_HI/install/next_motor_interface/include/next_motor_interface/next_motor_interface/msg/detail/motor_feedback__type_support.hpp
[2.365s] -- Up-to-date: /home/next/next_HI/install/next_motor_interface/include/next_motor_interface/next_motor_interface/msg/detail/motor_feedback__traits.hpp
[2.365s] -- Up-to-date: /home/next/next_HI/install/next_motor_interface/include/next_motor_interface/next_motor_interface/msg/detail/motor_feedback__builder.hpp
[2.365s] -- Up-to-date: /home/next/next_HI/install/next_motor_interface/include/next_motor_interface/next_motor_interface/msg/detail/motor_feedback__struct.hpp
[2.365s] -- Up-to-date: /home/next/next_HI/install/next_motor_interface/include/next_motor_interface/next_motor_interface/msg/motor_feedback.hpp
[2.365s] -- Up-to-date: /home/next/next_HI/install/next_motor_interface/include/next_motor_interface/next_motor_interface/msg/rosidl_generator_cpp__visibility_control.hpp
[2.365s] -- Up-to-date: /home/next/next_HI/install/next_motor_interface/include/next_motor_interface/next_motor_interface
[2.365s] -- Up-to-date: /home/next/next_HI/install/next_motor_interface/include/next_motor_interface/next_motor_interface/msg
[2.365s] -- Up-to-date: /home/next/next_HI/install/next_motor_interface/include/next_motor_interface/next_motor_interface/msg/detail
[2.365s] -- Up-to-date: /home/next/next_HI/install/next_motor_interface/include/next_motor_interface/next_motor_interface/msg/detail/motor_feedback__rosidl_typesupport_fastrtps_cpp.hpp
[2.365s] -- Up-to-date: /home/next/next_HI/install/next_motor_interface/include/next_motor_interface/next_motor_interface/msg/detail/dds_fastrtps
[2.365s] -- Up-to-date: /home/next/next_HI/install/next_motor_interface/include/next_motor_interface/next_motor_interface/msg/rosidl_typesupport_fastrtps_cpp__visibility_control.h
[2.366s] -- Up-to-date: /home/next/next_HI/install/next_motor_interface/lib/libnext_motor_interface__rosidl_typesupport_fastrtps_cpp.so
[2.366s] -- Up-to-date: /home/next/next_HI/install/next_motor_interface/include/next_motor_interface/next_motor_interface
[2.366s] -- Up-to-date: /home/next/next_HI/install/next_motor_interface/include/next_motor_interface/next_motor_interface/msg
[2.366s] -- Up-to-date: /home/next/next_HI/install/next_motor_interface/include/next_motor_interface/next_motor_interface/msg/detail
[2.366s] -- Up-to-date: /home/next/next_HI/install/next_motor_interface/include/next_motor_interface/next_motor_interface/msg/detail/motor_feedback__type_support.cpp
[2.366s] -- Up-to-date: /home/next/next_HI/install/next_motor_interface/include/next_motor_interface/next_motor_interface/msg/detail/motor_feedback__rosidl_typesupport_introspection_cpp.hpp
[2.366s] -- Up-to-date: /home/next/next_HI/install/next_motor_interface/lib/libnext_motor_interface__rosidl_typesupport_introspection_cpp.so
[2.366s] -- Up-to-date: /home/next/next_HI/install/next_motor_interface/lib/libnext_motor_interface__rosidl_typesupport_cpp.so
[2.366s] -- Up-to-date: /home/next/next_HI/install/next_motor_interface/share/next_motor_interface/environment/pythonpath.sh
[2.367s] -- Installing: /home/next/next_HI/install/next_motor_interface/share/next_motor_interface/environment/pythonpath.dsv
[2.367s] -- Up-to-date: /home/next/next_HI/install/next_motor_interface/local/lib/python3.10/dist-packages/next_motor_interface-0.0.0-py3.10.egg-info
[2.367s] -- Installing: /home/next/next_HI/install/next_motor_interface/local/lib/python3.10/dist-packages/next_motor_interface-0.0.0-py3.10.egg-info/top_level.txt
[2.367s] -- Installing: /home/next/next_HI/install/next_motor_interface/local/lib/python3.10/dist-packages/next_motor_interface-0.0.0-py3.10.egg-info/SOURCES.txt
[2.367s] -- Installing: /home/next/next_HI/install/next_motor_interface/local/lib/python3.10/dist-packages/next_motor_interface-0.0.0-py3.10.egg-info/dependency_links.txt
[2.367s] -- Installing: /home/next/next_HI/install/next_motor_interface/local/lib/python3.10/dist-packages/next_motor_interface-0.0.0-py3.10.egg-info/PKG-INFO
[2.367s] -- Up-to-date: /home/next/next_HI/install/next_motor_interface/local/lib/python3.10/dist-packages/next_motor_interface
[2.367s] -- Up-to-date: /home/next/next_HI/install/next_motor_interface/local/lib/python3.10/dist-packages/next_motor_interface/next_motor_interface_s__rosidl_typesupport_introspection_c.cpython-310-x86_64-linux-gnu.so
[2.367s] -- Up-to-date: /home/next/next_HI/install/next_motor_interface/local/lib/python3.10/dist-packages/next_motor_interface/_next_motor_interface_s.ep.rosidl_typesupport_c.c
[2.367s] -- Up-to-date: /home/next/next_HI/install/next_motor_interface/local/lib/python3.10/dist-packages/next_motor_interface/next_motor_interface_s__rosidl_typesupport_c.cpython-310-x86_64-linux-gnu.so
[2.367s] -- Up-to-date: /home/next/next_HI/install/next_motor_interface/local/lib/python3.10/dist-packages/next_motor_interface/next_motor_interface_s__rosidl_typesupport_fastrtps_c.cpython-310-x86_64-linux-gnu.so
[2.367s] -- Up-to-date: /home/next/next_HI/install/next_motor_interface/local/lib/python3.10/dist-packages/next_motor_interface/_next_motor_interface_s.ep.rosidl_typesupport_introspection_c.c
[2.368s] -- Up-to-date: /home/next/next_HI/install/next_motor_interface/local/lib/python3.10/dist-packages/next_motor_interface/_next_motor_interface_s.ep.rosidl_typesupport_fastrtps_c.c
[2.368s] -- Installing: /home/next/next_HI/install/next_motor_interface/local/lib/python3.10/dist-packages/next_motor_interface/__init__.py
[2.368s] -- Up-to-date: /home/next/next_HI/install/next_motor_interface/local/lib/python3.10/dist-packages/next_motor_interface/msg
[2.368s] -- Up-to-date: /home/next/next_HI/install/next_motor_interface/local/lib/python3.10/dist-packages/next_motor_interface/msg/__init__.py
[2.368s] -- Up-to-date: /home/next/next_HI/install/next_motor_interface/local/lib/python3.10/dist-packages/next_motor_interface/msg/_motor_feedback.py
[2.368s] -- Up-to-date: /home/next/next_HI/install/next_motor_interface/local/lib/python3.10/dist-packages/next_motor_interface/msg/_motor_feedback_s.c
[2.368s] -- Up-to-date: /home/next/next_HI/install/next_motor_interface/local/lib/python3.10/dist-packages/next_motor_interface/libnext_motor_interface__rosidl_generator_py.so
[2.408s] Listing '/home/next/next_HI/install/next_motor_interface/local/lib/python3.10/dist-packages/next_motor_interface'...
[2.409s] Compiling '/home/next/next_HI/install/next_motor_interface/local/lib/python3.10/dist-packages/next_motor_interface/__init__.py'...
[2.409s] Listing '/home/next/next_HI/install/next_motor_interface/local/lib/python3.10/dist-packages/next_motor_interface/msg'...
[2.414s] -- Up-to-date: /home/next/next_HI/install/next_motor_interface/local/lib/python3.10/dist-packages/next_motor_interface/next_motor_interface_s__rosidl_typesupport_fastrtps_c.cpython-310-x86_64-linux-gnu.so
[2.414s] -- Up-to-date: /home/next/next_HI/install/next_motor_interface/local/lib/python3.10/dist-packages/next_motor_interface/next_motor_interface_s__rosidl_typesupport_introspection_c.cpython-310-x86_64-linux-gnu.so
[2.414s] -- Up-to-date: /home/next/next_HI/install/next_motor_interface/local/lib/python3.10/dist-packages/next_motor_interface/next_motor_interface_s__rosidl_typesupport_c.cpython-310-x86_64-linux-gnu.so
[2.415s] -- Up-to-date: /home/next/next_HI/install/next_motor_interface/lib/libnext_motor_interface__rosidl_generator_py.so
[2.415s] -- Up-to-date: /home/next/next_HI/install/next_motor_interface/share/next_motor_interface/msg/MotorFeedback.idl
[2.415s] -- Up-to-date: /home/next/next_HI/install/next_motor_interface/share/next_motor_interface/msg/MotorFeedback.msg
[2.415s] -- Up-to-date: /home/next/next_HI/install/next_motor_interface/share/next_motor_interface/kinco_hardware_interface.xml
[2.415s] -- Up-to-date: /home/next/next_HI/install/next_motor_interface/lib/libkinco_hardware_interface.so
[2.416s] -- Up-to-date: /home/next/next_HI/install/next_motor_interface/share/next_motor_interface/launch
[2.416s] -- Up-to-date: /home/next/next_HI/install/next_motor_interface/share/next_motor_interface/launch/slam.launch.py
[2.416s] -- Up-to-date: /home/next/next_HI/install/next_motor_interface/share/next_motor_interface/launch/nav2.launch.py
[2.416s] -- Up-to-date: /home/next/next_HI/install/next_motor_interface/share/next_motor_interface/launch/lift_node3.launch.py
[2.416s] -- Up-to-date: /home/next/next_HI/install/next_motor_interface/share/next_motor_interface/launch/localization.launch.py
[2.416s] -- Up-to-date: /home/next/next_HI/install/next_motor_interface/share/next_motor_interface/launch/robot_control.launch.py
[2.416s] -- Up-to-date: /home/next/next_HI/install/next_motor_interface/share/next_motor_interface/config
[2.416s] -- Up-to-date: /home/next/next_HI/install/next_motor_interface/share/next_motor_interface/config/lift_node3.yaml
[2.416s] -- Up-to-date: /home/next/next_HI/install/next_motor_interface/share/next_motor_interface/config/bus_can0
[2.416s] -- Up-to-date: /home/next/next_HI/install/next_motor_interface/share/next_motor_interface/config/bus_can0/bus.yml
[2.417s] -- Up-to-date: /home/next/next_HI/install/next_motor_interface/share/next_motor_interface/config/bus_can0/right_can0.eds
[2.417s] -- Up-to-date: /home/next/next_HI/install/next_motor_interface/share/next_motor_interface/config/bus_can0/ros2_controllers.yaml
[2.417s] -- Up-to-date: /home/next/next_HI/install/next_motor_interface/share/next_motor_interface/config/bus_can0/left_can0.eds
[2.417s] -- Up-to-date: /home/next/next_HI/install/next_motor_interface/share/next_motor_interface/config/nav2_params.yaml
[2.417s] -- Up-to-date: /home/next/next_HI/install/next_motor_interface/share/next_motor_interface/config/slam.rviz
[2.417s] -- Up-to-date: /home/next/next_HI/install/next_motor_interface/share/next_motor_interface/config/mapper_params_online_async.yaml
[2.417s] -- Up-to-date: /home/next/next_HI/install/next_motor_interface/share/next_motor_interface/urdf
[2.417s] -- Up-to-date: /home/next/next_HI/install/next_motor_interface/share/next_motor_interface/urdf/robot.urdf.xacro
[2.417s] -- Up-to-date: /home/next/next_HI/install/next_motor_interface/share/next_motor_interface/urdf/ros2_control_kinco.xacro
[2.417s] -- Up-to-date: /home/next/next_HI/install/next_motor_interface/share/next_motor_interface/urdf/imu2.xacro
[2.418s] -- Up-to-date: /home/next/next_HI/install/next_motor_interface/share/next_motor_interface/urdf/robot_core copy 2.xacro
[2.418s] -- Up-to-date: /home/next/next_HI/install/next_motor_interface/share/next_motor_interface/urdf/ros2_control_mock.xacro
[2.418s] -- Up-to-date: /home/next/next_HI/install/next_motor_interface/share/next_motor_interface/urdf/gazebo_control.xacro
[2.418s] -- Up-to-date: /home/next/next_HI/install/next_motor_interface/share/next_motor_interface/urdf/imu.xacro
[2.418s] -- Up-to-date: /home/next/next_HI/install/next_motor_interface/share/next_motor_interface/urdf/lidar.xacro
[2.418s] -- Up-to-date: /home/next/next_HI/install/next_motor_interface/share/next_motor_interface/urdf/robot_core copy.xacro
[2.418s] -- Up-to-date: /home/next/next_HI/install/next_motor_interface/share/next_motor_interface/urdf/face.xacro
[2.418s] -- Up-to-date: /home/next/next_HI/install/next_motor_interface/share/next_motor_interface/urdf/inertial_macros.xacro
[2.418s] -- Up-to-date: /home/next/next_HI/install/next_motor_interface/share/next_motor_interface/urdf/ros2_control.xacro
[2.418s] -- Up-to-date: /home/next/next_HI/install/next_motor_interface/share/next_motor_interface/urdf/lidar copy.xacro
[2.418s] -- Up-to-date: /home/next/next_HI/install/next_motor_interface/share/next_motor_interface/urdf/robot_core.xacro
[2.419s] -- Up-to-date: /home/next/next_HI/install/next_motor_interface/share/next_motor_interface/maps
[2.419s] -- Up-to-date: /home/next/next_HI/install/next_motor_interface/share/next_motor_interface/maps/README.md
[2.419s] -- Up-to-date: /home/next/next_HI/install/next_motor_interface/share/next_motor_interface/rviz
[2.419s] -- Up-to-date: /home/next/next_HI/install/next_motor_interface/share/next_motor_interface/rviz/nav2.rviz
[2.419s] -- Up-to-date: /home/next/next_HI/install/next_motor_interface/share/next_motor_interface/scripts
[2.419s] -- Up-to-date: /home/next/next_HI/install/next_motor_interface/lib/next_motor_interface/kinco_lift_node3_std
[2.419s] -- Up-to-date: /home/next/next_HI/install/next_motor_interface/share/ament_index/resource_index/package_run_dependencies/next_motor_interface
[2.419s] -- Installing: /home/next/next_HI/install/next_motor_interface/share/ament_index/resource_index/parent_prefix_path/next_motor_interface
[2.419s] -- Up-to-date: /home/next/next_HI/install/next_motor_interface/share/next_motor_interface/environment/ament_prefix_path.sh
[2.420s] -- Installing: /home/next/next_HI/install/next_motor_interface/share/next_motor_interface/environment/ament_prefix_path.dsv
[2.420s] -- Up-to-date: /home/next/next_HI/install/next_motor_interface/share/next_motor_interface/environment/path.sh
[2.420s] -- Installing: /home/next/next_HI/install/next_motor_interface/share/next_motor_interface/environment/path.dsv
[2.420s] -- Up-to-date: /home/next/next_HI/install/next_motor_interface/share/next_motor_interface/local_setup.bash
[2.420s] -- Up-to-date: /home/next/next_HI/install/next_motor_interface/share/next_motor_interface/local_setup.sh
[2.420s] -- Up-to-date: /home/next/next_HI/install/next_motor_interface/share/next_motor_interface/local_setup.zsh
[2.420s] -- Installing: /home/next/next_HI/install/next_motor_interface/share/next_motor_interface/local_setup.dsv
[2.420s] -- Installing: /home/next/next_HI/install/next_motor_interface/share/next_motor_interface/package.dsv
[2.420s] -- Up-to-date: /home/next/next_HI/install/next_motor_interface/share/ament_index/resource_index/packages/next_motor_interface
[2.421s] -- Up-to-date: /home/next/next_HI/install/next_motor_interface/share/ament_index/resource_index/hardware_interface__pluginlib__plugin/next_motor_interface
[2.421s] -- Up-to-date: /home/next/next_HI/install/next_motor_interface/share/next_motor_interface/cmake/export_next_motor_interface__rosidl_generator_cExport.cmake
[2.421s] -- Up-to-date: /home/next/next_HI/install/next_motor_interface/share/next_motor_interface/cmake/export_next_motor_interface__rosidl_generator_cExport-noconfig.cmake
[2.421s] -- Up-to-date: /home/next/next_HI/install/next_motor_interface/share/next_motor_interface/cmake/export_next_motor_interface__rosidl_typesupport_fastrtps_cExport.cmake
[2.421s] -- Up-to-date: /home/next/next_HI/install/next_motor_interface/share/next_motor_interface/cmake/export_next_motor_interface__rosidl_typesupport_fastrtps_cExport-noconfig.cmake
[2.421s] -- Up-to-date: /home/next/next_HI/install/next_motor_interface/share/next_motor_interface/cmake/next_motor_interface__rosidl_typesupport_introspection_cExport.cmake
[2.421s] -- Up-to-date: /home/next/next_HI/install/next_motor_interface/share/next_motor_interface/cmake/next_motor_interface__rosidl_typesupport_introspection_cExport-noconfig.cmake
[2.421s] -- Up-to-date: /home/next/next_HI/install/next_motor_interface/share/next_motor_interface/cmake/next_motor_interface__rosidl_typesupport_cExport.cmake
[2.421s] -- Up-to-date: /home/next/next_HI/install/next_motor_interface/share/next_motor_interface/cmake/next_motor_interface__rosidl_typesupport_cExport-noconfig.cmake
[2.421s] -- Up-to-date: /home/next/next_HI/install/next_motor_interface/share/next_motor_interface/cmake/export_next_motor_interface__rosidl_generator_cppExport.cmake
[2.421s] -- Up-to-date: /home/next/next_HI/install/next_motor_interface/share/next_motor_interface/cmake/export_next_motor_interface__rosidl_typesupport_fastrtps_cppExport.cmake
[2.421s] -- Up-to-date: /home/next/next_HI/install/next_motor_interface/share/next_motor_interface/cmake/export_next_motor_interface__rosidl_typesupport_fastrtps_cppExport-noconfig.cmake
[2.421s] -- Up-to-date: /home/next/next_HI/install/next_motor_interface/share/next_motor_interface/cmake/next_motor_interface__rosidl_typesupport_introspection_cppExport.cmake
[2.422s] -- Up-to-date: /home/next/next_HI/install/next_motor_interface/share/next_motor_interface/cmake/next_motor_interface__rosidl_typesupport_introspection_cppExport-noconfig.cmake
[2.422s] -- Up-to-date: /home/next/next_HI/install/next_motor_interface/share/next_motor_interface/cmake/next_motor_interface__rosidl_typesupport_cppExport.cmake
[2.422s] -- Up-to-date: /home/next/next_HI/install/next_motor_interface/share/next_motor_interface/cmake/next_motor_interface__rosidl_typesupport_cppExport-noconfig.cmake
[2.422s] -- Up-to-date: /home/next/next_HI/install/next_motor_interface/share/next_motor_interface/cmake/export_next_motor_interface__rosidl_generator_pyExport.cmake
[2.422s] -- Up-to-date: /home/next/next_HI/install/next_motor_interface/share/next_motor_interface/cmake/export_next_motor_interface__rosidl_generator_pyExport-noconfig.cmake
[2.422s] -- Up-to-date: /home/next/next_HI/install/next_motor_interface/share/next_motor_interface/cmake/rosidl_cmake-extras.cmake
[2.422s] -- Up-to-date: /home/next/next_HI/install/next_motor_interface/share/next_motor_interface/cmake/ament_cmake_export_dependencies-extras.cmake
[2.422s] -- Up-to-date: /home/next/next_HI/install/next_motor_interface/share/next_motor_interface/cmake/ament_cmake_export_include_directories-extras.cmake
[2.422s] -- Up-to-date: /home/next/next_HI/install/next_motor_interface/share/next_motor_interface/cmake/ament_cmake_export_libraries-extras.cmake
[2.422s] -- Up-to-date: /home/next/next_HI/install/next_motor_interface/share/next_motor_interface/cmake/ament_cmake_export_targets-extras.cmake
[2.423s] -- Up-to-date: /home/next/next_HI/install/next_motor_interface/share/next_motor_interface/cmake/rosidl_cmake_export_typesupport_targets-extras.cmake
[2.424s] -- Up-to-date: /home/next/next_HI/install/next_motor_interface/share/next_motor_interface/cmake/rosidl_cmake_export_typesupport_libraries-extras.cmake
[2.424s] -- Up-to-date: /home/next/next_HI/install/next_motor_interface/share/next_motor_interface/cmake/next_motor_interfaceConfig.cmake
[2.424s] -- Up-to-date: /home/next/next_HI/install/next_motor_interface/share/next_motor_interface/cmake/next_motor_interfaceConfig-version.cmake
[2.424s] -- Installing: /home/next/next_HI/install/next_motor_interface/share/next_motor_interface/package.xml
[2.424s] Invoked command in '/home/next/next_HI/build/next_motor_interface' returned '0': CMAKE_PREFIX_PATH=${CMAKE_PREFIX_PATH}:/home/next/next_ros2/install/next_ekf:/home/next/next_UI/install/next_ros2ws_web:/home/next/next_UI/install/next_ros2ws_tools:/home/next/next_UI/install/next_ros2ws_core:/home/next/next_UI/install/map_editor:/opt/ros/humble /usr/bin/cmake --install /home/next/next_HI/build/next_motor_interface
