[0.231s] DEBUG:colcon:Command line arguments: ['/usr/bin/colcon', 'build', '--packages-select', 'next_motor_interface']
[0.231s] DEBUG:colcon:Parsed command line arguments: Namespace(log_base=None, log_level=None, verb_name='build', build_base='build', install_base='install', merge_install=False, symlink_install=False, test_result_base=None, continue_on_error=False, executor='parallel', parallel_workers=8, event_handlers=None, ignore_user_meta=False, metas=['./colcon.meta'], base_paths=['.'], packages_ignore=None, packages_ignore_regex=None, paths=None, packages_up_to=None, packages_up_to_regex=None, packages_above=None, packages_above_and_dependencies=None, packages_above_depth=None, packages_select_by_dep=None, packages_skip_by_dep=None, packages_skip_up_to=None, packages_select_build_failed=False, packages_skip_build_finished=False, packages_select_test_failures=False, packages_skip_test_passed=False, packages_select=['next_motor_interface'], packages_skip=None, packages_select_regex=None, packages_skip_regex=None, packages_start=None, packages_end=None, allow_overriding=[], cmake_args=None, cmake_target=None, cmake_target_skip_unavailable=False, cmake_clean_cache=False, cmake_clean_first=False, cmake_force_configure=False, ament_cmake_args=None, catkin_cmake_args=None, catkin_skip_building_tests=False, mixin_files=None, mixin=None, verb_parser=<colcon_mixin.mixin.mixin_argument.MixinArgumentDecorator object at 0x7bcbd6c91540>, verb_extension=<colcon_core.verb.build.BuildVerb object at 0x7bcbd6c90eb0>, main=<bound method BuildVerb.main of <colcon_core.verb.build.BuildVerb object at 0x7bcbd6c90eb0>>, mixin_verb=('build',))
[0.633s] Level 1:colcon.colcon_core.package_discovery:discover_packages(colcon_meta) check parameters
[0.633s] Level 1:colcon.colcon_core.package_discovery:discover_packages(recursive) check parameters
[0.633s] Level 1:colcon.colcon_core.package_discovery:discover_packages(ignore) check parameters
[0.633s] Level 1:colcon.colcon_core.package_discovery:discover_packages(path) check parameters
[0.633s] Level 1:colcon.colcon_core.package_discovery:discover_packages(colcon_meta) discover
[0.633s] Level 1:colcon.colcon_core.package_discovery:discover_packages(recursive) discover
[0.633s] INFO:colcon.colcon_core.package_discovery:Crawling recursively for packages in '/home/next/next_HI'
[0.634s] Level 1:colcon.colcon_core.package_identification:_identify(.) by extensions ['ignore', 'ignore_ament_install']
[0.634s] Level 1:colcon.colcon_core.package_identification:_identify(.) by extension 'ignore'
[0.634s] Level 1:colcon.colcon_core.package_identification:_identify(.) by extension 'ignore_ament_install'
[0.634s] Level 1:colcon.colcon_core.package_identification:_identify(.) by extensions ['colcon_pkg']
[0.634s] Level 1:colcon.colcon_core.package_identification:_identify(.) by extension 'colcon_pkg'
[0.634s] Level 1:colcon.colcon_core.package_identification:_identify(.) by extensions ['colcon_meta']
[0.634s] Level 1:colcon.colcon_core.package_identification:_identify(.) by extension 'colcon_meta'
[0.634s] Level 1:colcon.colcon_core.package_identification:_identify(.) by extensions ['ros']
[0.634s] Level 1:colcon.colcon_core.package_identification:_identify(.) by extension 'ros'
[0.714s] Level 1:colcon.colcon_core.package_identification:_identify(.) by extensions ['cmake', 'python']
[0.714s] Level 1:colcon.colcon_core.package_identification:_identify(.) by extension 'cmake'
[0.714s] Level 1:colcon.colcon_core.package_identification:_identify(.) by extension 'python'
[0.714s] Level 1:colcon.colcon_core.package_identification:_identify(.) by extensions ['python_setup_py']
[0.714s] Level 1:colcon.colcon_core.package_identification:_identify(.) by extension 'python_setup_py'
[0.714s] Level 1:colcon.colcon_core.package_identification:_identify(build) by extensions ['ignore', 'ignore_ament_install']
[0.714s] Level 1:colcon.colcon_core.package_identification:_identify(build) by extension 'ignore'
[0.714s] Level 1:colcon.colcon_core.package_identification:_identify(build) ignored
[0.715s] Level 1:colcon.colcon_core.package_identification:_identify(install) by extensions ['ignore', 'ignore_ament_install']
[0.715s] Level 1:colcon.colcon_core.package_identification:_identify(install) by extension 'ignore'
[0.715s] Level 1:colcon.colcon_core.package_identification:_identify(install) ignored
[0.715s] Level 1:colcon.colcon_core.package_identification:_identify(log) by extensions ['ignore', 'ignore_ament_install']
[0.715s] Level 1:colcon.colcon_core.package_identification:_identify(log) by extension 'ignore'
[0.715s] Level 1:colcon.colcon_core.package_identification:_identify(log) ignored
[0.716s] Level 1:colcon.colcon_core.package_identification:_identify(src) by extensions ['ignore', 'ignore_ament_install']
[0.716s] Level 1:colcon.colcon_core.package_identification:_identify(src) by extension 'ignore'
[0.716s] Level 1:colcon.colcon_core.package_identification:_identify(src) by extension 'ignore_ament_install'
[0.716s] Level 1:colcon.colcon_core.package_identification:_identify(src) by extensions ['colcon_pkg']
[0.716s] Level 1:colcon.colcon_core.package_identification:_identify(src) by extension 'colcon_pkg'
[0.716s] Level 1:colcon.colcon_core.package_identification:_identify(src) by extensions ['colcon_meta']
[0.716s] Level 1:colcon.colcon_core.package_identification:_identify(src) by extension 'colcon_meta'
[0.716s] Level 1:colcon.colcon_core.package_identification:_identify(src) by extensions ['ros']
[0.716s] Level 1:colcon.colcon_core.package_identification:_identify(src) by extension 'ros'
[0.717s] Level 1:colcon.colcon_core.package_identification:_identify(src) by extensions ['cmake', 'python']
[0.717s] Level 1:colcon.colcon_core.package_identification:_identify(src) by extension 'cmake'
[0.717s] Level 1:colcon.colcon_core.package_identification:_identify(src) by extension 'python'
[0.717s] Level 1:colcon.colcon_core.package_identification:_identify(src) by extensions ['python_setup_py']
[0.717s] Level 1:colcon.colcon_core.package_identification:_identify(src) by extension 'python_setup_py'
[0.717s] Level 1:colcon.colcon_core.package_identification:_identify(src/next_motor_interface) by extensions ['ignore', 'ignore_ament_install']
[0.717s] Level 1:colcon.colcon_core.package_identification:_identify(src/next_motor_interface) by extension 'ignore'
[0.717s] Level 1:colcon.colcon_core.package_identification:_identify(src/next_motor_interface) by extension 'ignore_ament_install'
[0.718s] Level 1:colcon.colcon_core.package_identification:_identify(src/next_motor_interface) by extensions ['colcon_pkg']
[0.718s] Level 1:colcon.colcon_core.package_identification:_identify(src/next_motor_interface) by extension 'colcon_pkg'
[0.718s] Level 1:colcon.colcon_core.package_identification:_identify(src/next_motor_interface) by extensions ['colcon_meta']
[0.718s] Level 1:colcon.colcon_core.package_identification:_identify(src/next_motor_interface) by extension 'colcon_meta'
[0.718s] Level 1:colcon.colcon_core.package_identification:_identify(src/next_motor_interface) by extensions ['ros']
[0.718s] Level 1:colcon.colcon_core.package_identification:_identify(src/next_motor_interface) by extension 'ros'
[0.724s] DEBUG:colcon.colcon_core.package_identification:Package 'src/next_motor_interface' with type 'ros.ament_cmake' and name 'next_motor_interface'
[0.724s] Level 1:colcon.colcon_core.package_discovery:discover_packages(recursive) using defaults
[0.725s] Level 1:colcon.colcon_core.package_discovery:discover_packages(ignore) discover
[0.725s] Level 1:colcon.colcon_core.package_discovery:discover_packages(ignore) using defaults
[0.725s] Level 1:colcon.colcon_core.package_discovery:discover_packages(path) discover
[0.725s] Level 1:colcon.colcon_core.package_discovery:discover_packages(path) using defaults
[0.765s] Level 1:colcon.colcon_core.package_discovery:discover_packages(prefix_path) check parameters
[0.766s] Level 1:colcon.colcon_core.package_discovery:discover_packages(prefix_path) discover
[0.771s] DEBUG:colcon.colcon_installed_package_information.package_discovery:Found 17 installed packages in /home/next/next_ros2/install
[0.773s] DEBUG:colcon.colcon_installed_package_information.package_discovery:Found 7 installed packages in /home/next/next_UI/install
[0.776s] DEBUG:colcon.colcon_installed_package_information.package_discovery:Found 324 installed packages in /opt/ros/humble
[0.782s] Level 1:colcon.colcon_core.package_discovery:discover_packages(prefix_path) using defaults
[0.883s] Level 5:colcon.colcon_core.verb:set package 'next_motor_interface' build argument 'cmake_args' from command line to 'None'
[0.884s] Level 5:colcon.colcon_core.verb:set package 'next_motor_interface' build argument 'cmake_target' from command line to 'None'
[0.884s] Level 5:colcon.colcon_core.verb:set package 'next_motor_interface' build argument 'cmake_target_skip_unavailable' from command line to 'False'
[0.884s] Level 5:colcon.colcon_core.verb:set package 'next_motor_interface' build argument 'cmake_clean_cache' from command line to 'False'
[0.884s] Level 5:colcon.colcon_core.verb:set package 'next_motor_interface' build argument 'cmake_clean_first' from command line to 'False'
[0.884s] Level 5:colcon.colcon_core.verb:set package 'next_motor_interface' build argument 'cmake_force_configure' from command line to 'False'
[0.884s] Level 5:colcon.colcon_core.verb:set package 'next_motor_interface' build argument 'ament_cmake_args' from command line to 'None'
[0.884s] Level 5:colcon.colcon_core.verb:set package 'next_motor_interface' build argument 'catkin_cmake_args' from command line to 'None'
[0.884s] Level 5:colcon.colcon_core.verb:set package 'next_motor_interface' build argument 'catkin_skip_building_tests' from command line to 'False'
[0.884s] DEBUG:colcon.colcon_core.verb:Building package 'next_motor_interface' with the following arguments: {'ament_cmake_args': None, 'build_base': '/home/next/next_HI/build/next_motor_interface', 'catkin_cmake_args': None, 'catkin_skip_building_tests': False, 'cmake_args': None, 'cmake_clean_cache': False, 'cmake_clean_first': False, 'cmake_force_configure': False, 'cmake_target': None, 'cmake_target_skip_unavailable': False, 'install_base': '/home/next/next_HI/install/next_motor_interface', 'merge_install': False, 'path': '/home/next/next_HI/src/next_motor_interface', 'symlink_install': False, 'test_result_base': None}
[0.884s] INFO:colcon.colcon_core.executor:Executing jobs using 'parallel' executor
[0.889s] DEBUG:colcon.colcon_parallel_executor.executor.parallel:run_until_complete
[0.889s] INFO:colcon.colcon_ros.task.ament_cmake.build:Building ROS package in '/home/next/next_HI/src/next_motor_interface' with build type 'ament_cmake'
[0.889s] INFO:colcon.colcon_cmake.task.cmake.build:Building CMake package in '/home/next/next_HI/src/next_motor_interface'
[0.897s] INFO:colcon.colcon_core.plugin_system:Skipping extension 'colcon_core.shell.bat': Not used on non-Windows systems
[0.897s] INFO:colcon.colcon_core.shell:Skip shell extension 'powershell' for command environment: Not usable outside of PowerShell
[0.897s] DEBUG:colcon.colcon_core.shell:Skip shell extension 'dsv' for command environment
[0.926s] DEBUG:colcon.colcon_core.event_handler.log_command:Invoking command in '/home/next/next_HI/build/next_motor_interface': CMAKE_PREFIX_PATH=${CMAKE_PREFIX_PATH}:/home/next/next_ros2/install/next_ekf:/home/next/next_UI/install/next_ros2ws_web:/home/next/next_UI/install/next_ros2ws_tools:/home/next/next_UI/install/next_ros2ws_core:/home/next/next_UI/install/map_editor:/opt/ros/humble /usr/bin/cmake --build /home/next/next_HI/build/next_motor_interface -- -j8 -l8
[12.572s] DEBUG:colcon.colcon_core.event_handler.log_command:Invoked command in '/home/next/next_HI/build/next_motor_interface' returned '0': CMAKE_PREFIX_PATH=${CMAKE_PREFIX_PATH}:/home/next/next_ros2/install/next_ekf:/home/next/next_UI/install/next_ros2ws_web:/home/next/next_UI/install/next_ros2ws_tools:/home/next/next_UI/install/next_ros2ws_core:/home/next/next_UI/install/map_editor:/opt/ros/humble /usr/bin/cmake --build /home/next/next_HI/build/next_motor_interface -- -j8 -l8
[12.594s] DEBUG:colcon.colcon_core.event_handler.log_command:Invoking command in '/home/next/next_HI/build/next_motor_interface': CMAKE_PREFIX_PATH=${CMAKE_PREFIX_PATH}:/home/next/next_ros2/install/next_ekf:/home/next/next_UI/install/next_ros2ws_web:/home/next/next_UI/install/next_ros2ws_tools:/home/next/next_UI/install/next_ros2ws_core:/home/next/next_UI/install/map_editor:/opt/ros/humble /usr/bin/cmake --install /home/next/next_HI/build/next_motor_interface
[12.759s] Level 1:colcon.colcon_core.environment:create_environment_scripts_only(next_motor_interface)
[12.760s] DEBUG:colcon.colcon_core.event_handler.log_command:Invoked command in '/home/next/next_HI/build/next_motor_interface' returned '0': CMAKE_PREFIX_PATH=${CMAKE_PREFIX_PATH}:/home/next/next_ros2/install/next_ekf:/home/next/next_UI/install/next_ros2ws_web:/home/next/next_UI/install/next_ros2ws_tools:/home/next/next_UI/install/next_ros2ws_core:/home/next/next_UI/install/map_editor:/opt/ros/humble /usr/bin/cmake --install /home/next/next_HI/build/next_motor_interface
[12.763s] Level 1:colcon.colcon_core.environment:checking '/home/next/next_HI/install/next_motor_interface' for CMake module files
[12.767s] Level 1:colcon.colcon_core.environment:checking '/home/next/next_HI/install/next_motor_interface' for CMake config files
[12.768s] Level 1:colcon.colcon_core.shell:create_environment_hook('next_motor_interface', 'cmake_prefix_path')
[12.770s] INFO:colcon.colcon_core.shell:Creating environment hook '/home/next/next_HI/install/next_motor_interface/share/next_motor_interface/hook/cmake_prefix_path.ps1'
[12.773s] INFO:colcon.colcon_core.shell:Creating environment descriptor '/home/next/next_HI/install/next_motor_interface/share/next_motor_interface/hook/cmake_prefix_path.dsv'
[12.773s] INFO:colcon.colcon_core.shell:Creating environment hook '/home/next/next_HI/install/next_motor_interface/share/next_motor_interface/hook/cmake_prefix_path.sh'
[12.775s] Level 1:colcon.colcon_core.environment:checking '/home/next/next_HI/install/next_motor_interface/lib'
[12.775s] Level 1:colcon.colcon_core.shell:create_environment_hook('next_motor_interface', 'ld_library_path_lib')
[12.775s] INFO:colcon.colcon_core.shell:Creating environment hook '/home/next/next_HI/install/next_motor_interface/share/next_motor_interface/hook/ld_library_path_lib.ps1'
[12.776s] INFO:colcon.colcon_core.shell:Creating environment descriptor '/home/next/next_HI/install/next_motor_interface/share/next_motor_interface/hook/ld_library_path_lib.dsv'
[12.777s] INFO:colcon.colcon_core.shell:Creating environment hook '/home/next/next_HI/install/next_motor_interface/share/next_motor_interface/hook/ld_library_path_lib.sh'
[12.777s] Level 1:colcon.colcon_core.environment:checking '/home/next/next_HI/install/next_motor_interface/bin'
[12.777s] Level 1:colcon.colcon_core.environment:checking '/home/next/next_HI/install/next_motor_interface/lib/pkgconfig/next_motor_interface.pc'
[12.778s] Level 1:colcon.colcon_core.environment:checking '/home/next/next_HI/install/next_motor_interface/lib/python3.10/site-packages'
[12.779s] Level 1:colcon.colcon_core.environment:checking '/home/next/next_HI/install/next_motor_interface/bin'
[12.779s] INFO:colcon.colcon_core.shell:Creating package script '/home/next/next_HI/install/next_motor_interface/share/next_motor_interface/package.ps1'
[12.781s] INFO:colcon.colcon_core.shell:Creating package descriptor '/home/next/next_HI/install/next_motor_interface/share/next_motor_interface/package.dsv'
[12.782s] INFO:colcon.colcon_core.shell:Creating package script '/home/next/next_HI/install/next_motor_interface/share/next_motor_interface/package.sh'
[12.782s] INFO:colcon.colcon_core.shell:Creating package script '/home/next/next_HI/install/next_motor_interface/share/next_motor_interface/package.bash'
[12.784s] INFO:colcon.colcon_core.shell:Creating package script '/home/next/next_HI/install/next_motor_interface/share/next_motor_interface/package.zsh'
[12.785s] Level 1:colcon.colcon_core.environment:create_file_with_runtime_dependencies(/home/next/next_HI/install/next_motor_interface/share/colcon-core/packages/next_motor_interface)
[12.786s] Level 1:colcon.colcon_core.environment:create_environment_scripts_only(next_motor_interface)
[12.787s] Level 1:colcon.colcon_core.environment:checking '/home/next/next_HI/install/next_motor_interface' for CMake module files
[12.789s] Level 1:colcon.colcon_core.environment:checking '/home/next/next_HI/install/next_motor_interface' for CMake config files
[12.790s] Level 1:colcon.colcon_core.shell:create_environment_hook('next_motor_interface', 'cmake_prefix_path')
[12.791s] INFO:colcon.colcon_core.shell:Creating environment hook '/home/next/next_HI/install/next_motor_interface/share/next_motor_interface/hook/cmake_prefix_path.ps1'
[12.795s] INFO:colcon.colcon_core.shell:Creating environment descriptor '/home/next/next_HI/install/next_motor_interface/share/next_motor_interface/hook/cmake_prefix_path.dsv'
[12.795s] INFO:colcon.colcon_core.shell:Creating environment hook '/home/next/next_HI/install/next_motor_interface/share/next_motor_interface/hook/cmake_prefix_path.sh'
[12.796s] Level 1:colcon.colcon_core.environment:checking '/home/next/next_HI/install/next_motor_interface/lib'
[12.797s] Level 1:colcon.colcon_core.shell:create_environment_hook('next_motor_interface', 'ld_library_path_lib')
[12.797s] INFO:colcon.colcon_core.shell:Creating environment hook '/home/next/next_HI/install/next_motor_interface/share/next_motor_interface/hook/ld_library_path_lib.ps1'
[12.799s] INFO:colcon.colcon_core.shell:Creating environment descriptor '/home/next/next_HI/install/next_motor_interface/share/next_motor_interface/hook/ld_library_path_lib.dsv'
[12.800s] INFO:colcon.colcon_core.shell:Creating environment hook '/home/next/next_HI/install/next_motor_interface/share/next_motor_interface/hook/ld_library_path_lib.sh'
[12.800s] Level 1:colcon.colcon_core.environment:checking '/home/next/next_HI/install/next_motor_interface/bin'
[12.800s] Level 1:colcon.colcon_core.environment:checking '/home/next/next_HI/install/next_motor_interface/lib/pkgconfig/next_motor_interface.pc'
[12.801s] Level 1:colcon.colcon_core.environment:checking '/home/next/next_HI/install/next_motor_interface/lib/python3.10/site-packages'
[12.801s] Level 1:colcon.colcon_core.environment:checking '/home/next/next_HI/install/next_motor_interface/bin'
[12.802s] INFO:colcon.colcon_core.shell:Creating package script '/home/next/next_HI/install/next_motor_interface/share/next_motor_interface/package.ps1'
[12.803s] INFO:colcon.colcon_core.shell:Creating package descriptor '/home/next/next_HI/install/next_motor_interface/share/next_motor_interface/package.dsv'
[12.804s] INFO:colcon.colcon_core.shell:Creating package script '/home/next/next_HI/install/next_motor_interface/share/next_motor_interface/package.sh'
[12.805s] INFO:colcon.colcon_core.shell:Creating package script '/home/next/next_HI/install/next_motor_interface/share/next_motor_interface/package.bash'
[12.806s] INFO:colcon.colcon_core.shell:Creating package script '/home/next/next_HI/install/next_motor_interface/share/next_motor_interface/package.zsh'
[12.807s] Level 1:colcon.colcon_core.environment:create_file_with_runtime_dependencies(/home/next/next_HI/install/next_motor_interface/share/colcon-core/packages/next_motor_interface)
[12.807s] DEBUG:colcon.colcon_parallel_executor.executor.parallel:closing loop
[12.811s] DEBUG:colcon.colcon_parallel_executor.executor.parallel:loop closed
[12.812s] DEBUG:colcon.colcon_parallel_executor.executor.parallel:run_until_complete finished with '0'
[12.812s] DEBUG:colcon.colcon_core.event_reactor:joining thread
[12.827s] INFO:colcon.colcon_core.plugin_system:Skipping extension 'colcon_notification.desktop_notification.terminal_notifier': Not used on non-Darwin systems
[12.827s] INFO:colcon.colcon_core.plugin_system:Skipping extension 'colcon_notification.desktop_notification.win32': Not used on non-Windows systems
[12.827s] INFO:colcon.colcon_notification.desktop_notification:Sending desktop notification using 'notify2'
[12.850s] DEBUG:colcon.colcon_core.event_reactor:joined thread
[12.851s] INFO:colcon.colcon_core.shell:Creating prefix script '/home/next/next_HI/install/local_setup.ps1'
[12.853s] INFO:colcon.colcon_core.shell:Creating prefix util module '/home/next/next_HI/install/_local_setup_util_ps1.py'
[12.856s] INFO:colcon.colcon_core.shell:Creating prefix chain script '/home/next/next_HI/install/setup.ps1'
[12.863s] INFO:colcon.colcon_core.shell:Creating prefix script '/home/next/next_HI/install/local_setup.sh'
[12.864s] INFO:colcon.colcon_core.shell:Creating prefix util module '/home/next/next_HI/install/_local_setup_util_sh.py'
[12.868s] INFO:colcon.colcon_core.shell:Creating prefix chain script '/home/next/next_HI/install/setup.sh'
[12.874s] INFO:colcon.colcon_core.shell:Creating prefix script '/home/next/next_HI/install/local_setup.bash'
[12.876s] INFO:colcon.colcon_core.shell:Creating prefix chain script '/home/next/next_HI/install/setup.bash'
[12.881s] INFO:colcon.colcon_core.shell:Creating prefix script '/home/next/next_HI/install/local_setup.zsh'
[12.882s] INFO:colcon.colcon_core.shell:Creating prefix chain script '/home/next/next_HI/install/setup.zsh'
